DEBUG:root:Order:2 9 2.0
DEBUG:root:Finish turn

DEBUG:root:Order:2 10 2.0
DEBUG:root:Finish turn

DEBUG:root:Order:2 17 4.0
DEBUG:root:Finish turn

DEBUG:root:Order:2 18 4.0
DEBUG:root:Finish turn

DEBUG:root:Order:2 11 9.0
DEBUG:root:Finish turn

DEBUG:root:Order:2 12 9.0
DEBUG:root:Order:2 9 47
DEBUG:root:Finish turn

DEBUG:root:Order:2 13 9.0
DEBUG:root:Order:9 2 4
DEBUG:root:Finish turn

DEBUG:root:Order:2 14 9.0
DEBUG:root:Order:9 2 4
DEBUG:root:Finish turn

DEBUG:root:Order:2 15 25.0
DEBUG:root:Bad order:9 5.0 12
DEBUG:root:Finish turn

DEBUG:root:Bad order:9 9.0 11
DEBUG:root:Finish turn

DEBUG:root:Order:2 16 25.0
DEBUG:root:Order:9 2 23
DEBUG:root:Finish turn

DEBUG:root:Finish turn

DEBUG:root:Finish turn

DEBUG:root:Order:2 14 28
DEBUG:root:Order:9 14 2
DEBUG:root:Order:9 18 25
DEBUG:root:Finish turn

DEBUG:root:Order:2 14 2
DEBUG:root:Order:2 18 1
DEBUG:root:Finish turn

DEBUG:root:Order:2 14 1
DEBUG:root:Order:9 14 1
DEBUG:root:Order:9 18 1
DEBUG:root:Finish turn

DEBUG:root:Order:2 15 18
DEBUG:root:Order:9 15 16
DEBUG:root:Order:18 15 5
DEBUG:root:Bad order:18 2.0 14
DEBUG:root:Bad order:14 4.0 13
DEBUG:root:Finish turn

DEBUG:root:Bad order:14 5.0 14
DEBUG:root:Bad order:18 4.0 11
DEBUG:root:Order:2 12 5
DEBUG:root:Order:9 12 4
DEBUG:root:Order:15 12 2
DEBUG:root:Finish turn

DEBUG:root:Bad order:14 6.0 15
DEBUG:root:Bad order:18 6.0 13
DEBUG:root:Order:2 17 5
DEBUG:root:Order:9 17 4
DEBUG:root:Order:15 17 3
DEBUG:root:Finish turn

DEBUG:root:Order:14 16 12
DEBUG:root:Order:14 12 10
DEBUG:root:Order:14 15 12
DEBUG:root:Bad order:18 8.0 11
DEBUG:root:Order:2 15 1
DEBUG:root:Finish turn

DEBUG:root:Order:18 12 4
DEBUG:root:Order:18 16 3
DEBUG:root:Order:18 9 1
DEBUG:root:Finish turn

DEBUG:root:Order:2 13 10
DEBUG:root:Order:9 13 9
DEBUG:root:Order:16 13 8
DEBUG:root:Bad order:12 2.0 7
DEBUG:root:Bad order:18 4.0 7
DEBUG:root:Finish turn

DEBUG:root:Order:12 16 3
DEBUG:root:Order:12 9 2
DEBUG:root:Order:12 2 1
DEBUG:root:Finish turn

DEBUG:root:Order:2 12 1
DEBUG:root:Order:18 12 1
DEBUG:root:Finish turn

DEBUG:root:Order:2 12 2
DEBUG:root:Order:9 12 1
DEBUG:root:Order:9 16 1
DEBUG:root:Finish turn

DEBUG:root:Order:2 12 1
DEBUG:root:Order:2 18 1
DEBUG:root:Finish turn

DEBUG:root:Order:2 12 1
DEBUG:root:Order:2 18 1
DEBUG:root:Finish turn

DEBUG:root:Order:2 12 2
DEBUG:root:Order:2 18 2
DEBUG:root:Finish turn

DEBUG:root:Order:9 12 1
DEBUG:root:Order:9 18 1
DEBUG:root:Order:9 2 2
DEBUG:root:Finish turn

DEBUG:root:Order:2 12 1
DEBUG:root:Order:2 18 1
DEBUG:root:Order:2 9 3
DEBUG:root:Finish turn

DEBUG:root:Order:9 12 1
DEBUG:root:Order:9 18 1
DEBUG:root:Order:9 16 3
DEBUG:root:Finish turn

DEBUG:root:Order:2 12 1
DEBUG:root:Order:2 18 1
DEBUG:root:Order:2 9 2
DEBUG:root:Order:16 9 2
DEBUG:root:Finish turn

DEBUG:root:Order:9 12 2
DEBUG:root:Order:9 18 2
DEBUG:root:Finish turn

DEBUG:root:Order:2 12 1
DEBUG:root:Order:2 18 1
DEBUG:root:Order:2 16 1
DEBUG:root:Finish turn

DEBUG:root:Order:9 12 1
DEBUG:root:Order:9 18 1
DEBUG:root:Finish turn

DEBUG:root:Order:2 12 1
DEBUG:root:Order:2 18 1
DEBUG:root:Finish turn

DEBUG:root:Order:2 12 1
DEBUG:root:Order:2 18 1
DEBUG:root:Finish turn

DEBUG:root:Order:2 12 2
DEBUG:root:Order:2 18 2
DEBUG:root:Finish turn

DEBUG:root:Order:9 19 77.0
DEBUG:root:Order:2 9 15
DEBUG:root:Order:16 9 15
DEBUG:root:Order:12 9 14
DEBUG:root:Order:18 9 14
DEBUG:root:Finish turn

DEBUG:root:Order:2 12 1
DEBUG:root:Order:2 18 1
DEBUG:root:Finish turn

DEBUG:root:Order:2 9 12
DEBUG:root:Order:16 9 10
DEBUG:root:Order:12 9 9
DEBUG:root:Order:18 9 9
DEBUG:root:Finish turn

DEBUG:root:Order:2 12 1
DEBUG:root:Order:2 18 1
DEBUG:root:Finish turn

DEBUG:root:Order:2 19 12
DEBUG:root:Order:9 19 11
DEBUG:root:Order:16 19 10
DEBUG:root:Order:12 19 9
DEBUG:root:Order:18 19 9
DEBUG:root:Finish turn

DEBUG:root:Order:2 19 5
DEBUG:root:Order:9 19 4
DEBUG:root:Order:16 19 3
DEBUG:root:Order:12 19 2
DEBUG:root:Order:18 19 2
DEBUG:root:Finish turn

DEBUG:root:Order:2 12 1
DEBUG:root:Order:2 18 1
DEBUG:root:Order:2 19 1
DEBUG:root:Finish turn

DEBUG:root:Order:9 12 1
DEBUG:root:Order:9 18 1
DEBUG:root:Order:9 19 1
DEBUG:root:Finish turn

DEBUG:root:Order:2 12 1
DEBUG:root:Order:2 18 1
DEBUG:root:Order:2 19 1
DEBUG:root:Finish turn

DEBUG:root:Order:2 12 1
DEBUG:root:Order:2 18 1
DEBUG:root:Order:2 19 1
DEBUG:root:Finish turn

DEBUG:root:Order:9 12 1
DEBUG:root:Order:9 18 1
DEBUG:root:Order:9 19 1
DEBUG:root:Finish turn

DEBUG:root:Order:9 20 77.0
DEBUG:root:Order:2 9 15
DEBUG:root:Order:16 9 12
DEBUG:root:Order:12 9 11
DEBUG:root:Order:18 9 11
DEBUG:root:Order:19 9 11
DEBUG:root:Finish turn

DEBUG:root:Order:2 19 15
DEBUG:root:Order:16 19 13
DEBUG:root:Order:12 19 12
DEBUG:root:Order:18 19 12
DEBUG:root:Finish turn

DEBUG:root:Order:2 19 2
DEBUG:root:Finish turn

DEBUG:root:Order:2 19 2
DEBUG:root:Order:2 12 1
DEBUG:root:Order:2 18 1
DEBUG:root:Finish turn

DEBUG:root:Order:2 9 13
DEBUG:root:Order:16 9 13
DEBUG:root:Order:12 9 11
DEBUG:root:Order:18 9 11
DEBUG:root:Order:19 9 11
DEBUG:root:Finish turn

DEBUG:root:Order:2 9 2
DEBUG:root:Finish turn

DEBUG:root:Order:19 21 81.0
DEBUG:root:Order:2 19 25
DEBUG:root:Order:16 19 23
DEBUG:root:Order:9 19 11
DEBUG:root:Order:9 12 22
DEBUG:root:Order:18 12 9
DEBUG:root:Finish turn

DEBUG:root:Order:18 20 26
DEBUG:root:Order:2 20 17
DEBUG:root:Order:16 20 15
DEBUG:root:Order:12 20 13
DEBUG:root:Bad order:19 12.0 13
DEBUG:root:Order:9 20 5
DEBUG:root:Finish turn

DEBUG:root:Bad order:19 16.0 18
DEBUG:root:Order:2 16 8
DEBUG:root:Bad order:9 1.0 7
DEBUG:root:Order:12 16 5
DEBUG:root:Order:18 16 5
DEBUG:root:Finish turn

DEBUG:root:Bad order:19 18.0 37
DEBUG:root:Bad order:9 18.0 28
DEBUG:root:Order:12 2 19
DEBUG:root:Finish turn

DEBUG:root:Order:9 2 20
DEBUG:root:Bad order:9 4.0 19
DEBUG:root:Finish turn

DEBUG:root:Bad order:9 8.0 17
DEBUG:root:Bad order:20 8.0 9
DEBUG:root:Finish turn

DEBUG:root:Bad order:9 12.0 18
DEBUG:root:Order:20 18 8
DEBUG:root:Order:2 18 1
DEBUG:root:Finish turn

DEBUG:root:Order:9 18 15
DEBUG:root:Order:9 19 4
DEBUG:root:Bad order:9 8.0 19
DEBUG:root:Order:2 20 2
DEBUG:root:Finish turn

DEBUG:root:Order:2 18 1
DEBUG:root:Order:2 19 1
DEBUG:root:Finish turn

DEBUG:root:Order:2 18 1
DEBUG:root:Order:2 19 1
DEBUG:root:Order:2 20 2
DEBUG:root:Finish turn

DEBUG:root:Order:2 18 1
DEBUG:root:Order:2 19 1
DEBUG:root:Finish turn

DEBUG:root:Order:2 18 1
DEBUG:root:Finish turn

DEBUG:root:Order:18 21 3
DEBUG:root:Order:20 21 3
DEBUG:root:Order:19 21 2
DEBUG:root:Finish turn

DEBUG:root:Order:18 21 12
DEBUG:root:Order:19 21 12
DEBUG:root:Finish turn

DEBUG:root:Order:21 2 4
DEBUG:root:Order:18 2 2
DEBUG:root:Order:19 2 2
DEBUG:root:Finish turn

DEBUG:root:Order:21 19 6
DEBUG:root:Order:2 19 4
DEBUG:root:Order:18 19 3
DEBUG:root:Finish turn

DEBUG:root:Order:2 20 9
DEBUG:root:Order:21 20 9
DEBUG:root:Order:18 20 6
DEBUG:root:Order:19 20 4
DEBUG:root:Finish turn

DEBUG:root:Order:2 19 1
DEBUG:root:Order:2 20 1
DEBUG:root:Finish turn

DEBUG:root:Order:21 19 2
DEBUG:root:Finish turn

DEBUG:root:Order:2 19 2
DEBUG:root:Finish turn

DEBUG:root:Order:2 19 1
DEBUG:root:Finish turn

DEBUG:root:Finish turn

DEBUG:root:Finish turn

DEBUG:root:Finish turn

DEBUG:root:Finish turn

DEBUG:root:Finish turn

DEBUG:root:Finish turn

DEBUG:root:Finish turn

DEBUG:root:Finish turn

DEBUG:root:Finish turn

DEBUG:root:Finish turn

DEBUG:root:Finish turn

DEBUG:root:Finish turn

DEBUG:root:Finish turn

DEBUG:root:Finish turn

DEBUG:root:Finish turn

