INFO:root:
Selector: High Level Ordering of Strategies
| Sequence: Starting Strategy
| | Check: few_planets
| | Action: take_turn
| Sequence: Offensive Strategy
| | Check: have_largest_fleet
| | Action: attack
| Sequence: Spread Strategy
| | Action: spread
| Sequence: Defensive Strategy
| | Action: defend

DEBUG:root:Executing:Selector: High Level Ordering of Strategies
DEBUG:root:Executing:Sequence: Starting Strategy
DEBUG:root:Executing:Check: few_planets
DEBUG:root:Result: Check: few_planets -> Success
DEBUG:root:Executing:Action: take_turn
DEBUG:root:Order:1 4 82.0
DEBUG:root:Result: Action: take_turn -> Success
DEBUG:root:Result: Sequence: Starting Strategy -> Success
DEBUG:root:Result: Selector: High Level Ordering of Strategies -> Success
DEBUG:root:Finish turn

DEBUG:root:Executing:Selector: High Level Ordering of Strategies
DEBUG:root:Executing:Sequence: Starting Strategy
DEBUG:root:Executing:Check: few_planets
DEBUG:root:Result: Check: few_planets -> Success
DEBUG:root:Executing:Action: take_turn
DEBUG:root:Order:1 18 5.0
DEBUG:root:Result: Action: take_turn -> Success
DEBUG:root:Result: Sequence: Starting Strategy -> Success
DEBUG:root:Result: Selector: High Level Ordering of Strategies -> Success
DEBUG:root:Finish turn

DEBUG:root:Executing:Selector: High Level Ordering of Strategies
DEBUG:root:Executing:Sequence: Starting Strategy
DEBUG:root:Executing:Check: few_planets
DEBUG:root:Result: Check: few_planets -> Success
DEBUG:root:Executing:Action: take_turn
DEBUG:root:Order:1 18 5.0
DEBUG:root:Result: Action: take_turn -> Success
DEBUG:root:Result: Sequence: Starting Strategy -> Success
DEBUG:root:Result: Selector: High Level Ordering of Strategies -> Success
DEBUG:root:Finish turn

DEBUG:root:Executing:Selector: High Level Ordering of Strategies
DEBUG:root:Executing:Sequence: Starting Strategy
DEBUG:root:Executing:Check: few_planets
DEBUG:root:Result: Check: few_planets -> Success
DEBUG:root:Executing:Action: take_turn
DEBUG:root:Order:1 18 5.0
DEBUG:root:Result: Action: take_turn -> Success
DEBUG:root:Result: Sequence: Starting Strategy -> Success
DEBUG:root:Result: Selector: High Level Ordering of Strategies -> Success
DEBUG:root:Finish turn

DEBUG:root:Executing:Selector: High Level Ordering of Strategies
DEBUG:root:Executing:Sequence: Starting Strategy
DEBUG:root:Executing:Check: few_planets
DEBUG:root:Result: Check: few_planets -> Success
DEBUG:root:Executing:Action: take_turn
DEBUG:root:Order:1 18 5.0
DEBUG:root:Result: Action: take_turn -> Success
DEBUG:root:Result: Sequence: Starting Strategy -> Success
DEBUG:root:Result: Selector: High Level Ordering of Strategies -> Success
DEBUG:root:Finish turn

DEBUG:root:Executing:Selector: High Level Ordering of Strategies
DEBUG:root:Executing:Sequence: Starting Strategy
DEBUG:root:Executing:Check: few_planets
DEBUG:root:Result: Check: few_planets -> Success
DEBUG:root:Executing:Action: take_turn
DEBUG:root:Order:1 18 5.0
DEBUG:root:Result: Action: take_turn -> Success
DEBUG:root:Result: Sequence: Starting Strategy -> Success
DEBUG:root:Result: Selector: High Level Ordering of Strategies -> Success
DEBUG:root:Finish turn

DEBUG:root:Executing:Selector: High Level Ordering of Strategies
DEBUG:root:Executing:Sequence: Starting Strategy
DEBUG:root:Executing:Check: few_planets
DEBUG:root:Result: Check: few_planets -> Success
DEBUG:root:Executing:Action: take_turn
DEBUG:root:Order:1 18 5.0
DEBUG:root:Result: Action: take_turn -> Success
DEBUG:root:Result: Sequence: Starting Strategy -> Success
DEBUG:root:Result: Selector: High Level Ordering of Strategies -> Success
DEBUG:root:Finish turn

DEBUG:root:Executing:Selector: High Level Ordering of Strategies
DEBUG:root:Executing:Sequence: Starting Strategy
DEBUG:root:Executing:Check: few_planets
DEBUG:root:Result: Check: few_planets -> Success
DEBUG:root:Executing:Action: take_turn
DEBUG:root:Order:1 18 5.0
DEBUG:root:Result: Action: take_turn -> Success
DEBUG:root:Result: Sequence: Starting Strategy -> Success
DEBUG:root:Result: Selector: High Level Ordering of Strategies -> Success
DEBUG:root:Finish turn

DEBUG:root:Executing:Selector: High Level Ordering of Strategies
DEBUG:root:Executing:Sequence: Starting Strategy
DEBUG:root:Executing:Check: few_planets
DEBUG:root:Result: Check: few_planets -> Success
DEBUG:root:Executing:Action: take_turn
DEBUG:root:Bad order:1 23.0 56.0
DEBUG:root:Result: Action: take_turn -> Failure
DEBUG:root:Result: Sequence: Starting Strategy -> Failure
DEBUG:root:Executing:Sequence: Offensive Strategy
DEBUG:root:Executing:Check: have_largest_fleet
DEBUG:root:Result: Check: have_largest_fleet -> Success
DEBUG:root:Executing:Action: attack
DEBUG:root:Result: Action: attack -> Failure
DEBUG:root:Result: Sequence: Offensive Strategy -> Failure
DEBUG:root:Executing:Sequence: Spread Strategy
DEBUG:root:Executing:Action: spread
DEBUG:root:Order:4 17 5.0
DEBUG:root:Order:1 11 13.0
DEBUG:root:Result: Action: spread -> Failure
DEBUG:root:Result: Sequence: Spread Strategy -> Failure
DEBUG:root:Executing:Sequence: Defensive Strategy
DEBUG:root:Executing:Action: defend
DEBUG:root:Bad order:18 1.0 10
DEBUG:root:Result: Action: defend -> Failure
DEBUG:root:Result: Sequence: Defensive Strategy -> Failure
DEBUG:root:Result: Selector: High Level Ordering of Strategies -> Failure
DEBUG:root:Finish turn

DEBUG:root:Executing:Selector: High Level Ordering of Strategies
DEBUG:root:Executing:Sequence: Starting Strategy
DEBUG:root:Executing:Check: few_planets
DEBUG:root:Result: Check: few_planets -> Success
DEBUG:root:Executing:Action: take_turn
DEBUG:root:Bad order:1 15.0 56.0
DEBUG:root:Result: Action: take_turn -> Failure
DEBUG:root:Result: Sequence: Starting Strategy -> Failure
DEBUG:root:Executing:Sequence: Offensive Strategy
DEBUG:root:Executing:Check: have_largest_fleet
DEBUG:root:Result: Check: have_largest_fleet -> Success
DEBUG:root:Executing:Action: attack
DEBUG:root:Result: Action: attack -> Failure
DEBUG:root:Result: Sequence: Offensive Strategy -> Failure
DEBUG:root:Executing:Sequence: Spread Strategy
DEBUG:root:Executing:Action: spread
DEBUG:root:Order:1 12 13.0
DEBUG:root:Result: Action: spread -> Failure
DEBUG:root:Result: Sequence: Spread Strategy -> Failure
DEBUG:root:Executing:Sequence: Defensive Strategy
DEBUG:root:Executing:Action: defend
DEBUG:root:Bad order:18 8.0 9
DEBUG:root:Result: Action: defend -> Failure
DEBUG:root:Result: Sequence: Defensive Strategy -> Failure
DEBUG:root:Result: Selector: High Level Ordering of Strategies -> Failure
DEBUG:root:Finish turn

DEBUG:root:Executing:Selector: High Level Ordering of Strategies
DEBUG:root:Executing:Sequence: Starting Strategy
DEBUG:root:Executing:Check: few_planets
DEBUG:root:Result: Check: few_planets -> Success
DEBUG:root:Executing:Action: take_turn
DEBUG:root:Result: Action: take_turn -> Failure
DEBUG:root:Result: Sequence: Starting Strategy -> Failure
DEBUG:root:Executing:Sequence: Offensive Strategy
DEBUG:root:Executing:Check: have_largest_fleet
DEBUG:root:Result: Check: have_largest_fleet -> Success
DEBUG:root:Executing:Action: attack
DEBUG:root:Result: Action: attack -> Failure
DEBUG:root:Result: Sequence: Offensive Strategy -> Failure
DEBUG:root:Executing:Sequence: Spread Strategy
DEBUG:root:Executing:Action: spread
DEBUG:root:Result: Action: spread -> Failure
DEBUG:root:Result: Sequence: Spread Strategy -> Failure
DEBUG:root:Executing:Sequence: Defensive Strategy
DEBUG:root:Executing:Action: defend
DEBUG:root:Order:18 1 8
DEBUG:root:Result: Action: defend -> Success
DEBUG:root:Result: Sequence: Defensive Strategy -> Success
DEBUG:root:Result: Selector: High Level Ordering of Strategies -> Success
DEBUG:root:Finish turn

DEBUG:root:Executing:Selector: High Level Ordering of Strategies
DEBUG:root:Executing:Sequence: Starting Strategy
DEBUG:root:Executing:Check: few_planets
DEBUG:root:Result: Check: few_planets -> Success
DEBUG:root:Executing:Action: take_turn
DEBUG:root:Result: Action: take_turn -> Failure
DEBUG:root:Result: Sequence: Starting Strategy -> Failure
DEBUG:root:Executing:Sequence: Offensive Strategy
DEBUG:root:Executing:Check: have_largest_fleet
DEBUG:root:Result: Check: have_largest_fleet -> Success
DEBUG:root:Executing:Action: attack
DEBUG:root:Result: Action: attack -> Failure
DEBUG:root:Result: Sequence: Offensive Strategy -> Failure
DEBUG:root:Executing:Sequence: Spread Strategy
DEBUG:root:Executing:Action: spread
DEBUG:root:Result: Action: spread -> Failure
DEBUG:root:Result: Sequence: Spread Strategy -> Failure
DEBUG:root:Executing:Sequence: Defensive Strategy
DEBUG:root:Executing:Action: defend
DEBUG:root:Order:18 4 5
DEBUG:root:Result: Action: defend -> Success
DEBUG:root:Result: Sequence: Defensive Strategy -> Success
DEBUG:root:Result: Selector: High Level Ordering of Strategies -> Success
DEBUG:root:Finish turn

DEBUG:root:Executing:Selector: High Level Ordering of Strategies
DEBUG:root:Executing:Sequence: Starting Strategy
DEBUG:root:Executing:Check: few_planets
DEBUG:root:Result: Check: few_planets -> Success
DEBUG:root:Executing:Action: take_turn
DEBUG:root:Bad order:1 17.0 56.0
DEBUG:root:Result: Action: take_turn -> Failure
DEBUG:root:Result: Sequence: Starting Strategy -> Failure
DEBUG:root:Executing:Sequence: Offensive Strategy
DEBUG:root:Executing:Check: have_largest_fleet
DEBUG:root:Result: Check: have_largest_fleet -> Success
DEBUG:root:Executing:Action: attack
DEBUG:root:Result: Action: attack -> Failure
DEBUG:root:Result: Sequence: Offensive Strategy -> Failure
DEBUG:root:Executing:Sequence: Spread Strategy
DEBUG:root:Executing:Action: spread
DEBUG:root:Result: Action: spread -> Failure
DEBUG:root:Result: Sequence: Spread Strategy -> Failure
DEBUG:root:Executing:Sequence: Defensive Strategy
DEBUG:root:Executing:Action: defend
DEBUG:root:Order:1 4 2
DEBUG:root:Result: Action: defend -> Success
DEBUG:root:Result: Sequence: Defensive Strategy -> Success
DEBUG:root:Result: Selector: High Level Ordering of Strategies -> Success
DEBUG:root:Finish turn

DEBUG:root:Executing:Selector: High Level Ordering of Strategies
DEBUG:root:Executing:Sequence: Starting Strategy
DEBUG:root:Executing:Check: few_planets
DEBUG:root:Result: Check: few_planets -> Success
DEBUG:root:Executing:Action: take_turn
DEBUG:root:Bad order:1 20.0 56.0
DEBUG:root:Result: Action: take_turn -> Failure
DEBUG:root:Result: Sequence: Starting Strategy -> Failure
DEBUG:root:Executing:Sequence: Offensive Strategy
DEBUG:root:Executing:Check: have_largest_fleet
DEBUG:root:Result: Check: have_largest_fleet -> Success
DEBUG:root:Executing:Action: attack
DEBUG:root:Result: Action: attack -> Failure
DEBUG:root:Result: Sequence: Offensive Strategy -> Failure
DEBUG:root:Executing:Sequence: Spread Strategy
DEBUG:root:Executing:Action: spread
DEBUG:root:Result: Action: spread -> Failure
DEBUG:root:Result: Sequence: Spread Strategy -> Failure
DEBUG:root:Executing:Sequence: Defensive Strategy
DEBUG:root:Executing:Action: defend
DEBUG:root:Order:1 18 2
DEBUG:root:Result: Action: defend -> Success
DEBUG:root:Result: Sequence: Defensive Strategy -> Success
DEBUG:root:Result: Selector: High Level Ordering of Strategies -> Success
DEBUG:root:Finish turn

DEBUG:root:Executing:Selector: High Level Ordering of Strategies
DEBUG:root:Executing:Sequence: Starting Strategy
DEBUG:root:Executing:Check: few_planets
DEBUG:root:Result: Check: few_planets -> Success
DEBUG:root:Executing:Action: take_turn
DEBUG:root:Bad order:1 23.0 56.0
DEBUG:root:Result: Action: take_turn -> Failure
DEBUG:root:Result: Sequence: Starting Strategy -> Failure
DEBUG:root:Executing:Sequence: Offensive Strategy
DEBUG:root:Executing:Check: have_largest_fleet
DEBUG:root:Result: Check: have_largest_fleet -> Success
DEBUG:root:Executing:Action: attack
DEBUG:root:Result: Action: attack -> Failure
DEBUG:root:Result: Sequence: Offensive Strategy -> Failure
DEBUG:root:Executing:Sequence: Spread Strategy
DEBUG:root:Executing:Action: spread
DEBUG:root:Order:18 5 23.0
DEBUG:root:Result: Action: spread -> Failure
DEBUG:root:Result: Sequence: Spread Strategy -> Failure
DEBUG:root:Executing:Sequence: Defensive Strategy
DEBUG:root:Executing:Action: defend
DEBUG:root:Order:1 18 10
DEBUG:root:Result: Action: defend -> Success
DEBUG:root:Result: Sequence: Defensive Strategy -> Success
DEBUG:root:Result: Selector: High Level Ordering of Strategies -> Success
DEBUG:root:Finish turn

DEBUG:root:Executing:Selector: High Level Ordering of Strategies
DEBUG:root:Executing:Sequence: Starting Strategy
DEBUG:root:Executing:Check: few_planets
DEBUG:root:Result: Check: few_planets -> Success
DEBUG:root:Executing:Action: take_turn
DEBUG:root:Bad order:1 18.0 56.0
DEBUG:root:Result: Action: take_turn -> Failure
DEBUG:root:Result: Sequence: Starting Strategy -> Failure
DEBUG:root:Executing:Sequence: Offensive Strategy
DEBUG:root:Executing:Check: have_largest_fleet
DEBUG:root:Result: Check: have_largest_fleet -> Success
DEBUG:root:Executing:Action: attack
DEBUG:root:Result: Action: attack -> Failure
DEBUG:root:Result: Sequence: Offensive Strategy -> Failure
DEBUG:root:Executing:Sequence: Spread Strategy
DEBUG:root:Executing:Action: spread
DEBUG:root:Result: Action: spread -> Failure
DEBUG:root:Result: Sequence: Spread Strategy -> Failure
DEBUG:root:Executing:Sequence: Defensive Strategy
DEBUG:root:Executing:Action: defend
DEBUG:root:Order:4 18 6
DEBUG:root:Result: Action: defend -> Success
DEBUG:root:Result: Sequence: Defensive Strategy -> Success
DEBUG:root:Result: Selector: High Level Ordering of Strategies -> Success
DEBUG:root:Finish turn

DEBUG:root:Executing:Selector: High Level Ordering of Strategies
DEBUG:root:Executing:Sequence: Starting Strategy
DEBUG:root:Executing:Check: few_planets
DEBUG:root:Result: Check: few_planets -> Success
DEBUG:root:Executing:Action: take_turn
DEBUG:root:Bad order:1 23.0 56.0
DEBUG:root:Result: Action: take_turn -> Failure
DEBUG:root:Result: Sequence: Starting Strategy -> Failure
DEBUG:root:Executing:Sequence: Offensive Strategy
DEBUG:root:Executing:Check: have_largest_fleet
DEBUG:root:Result: Check: have_largest_fleet -> Success
DEBUG:root:Executing:Action: attack
DEBUG:root:Result: Action: attack -> Failure
DEBUG:root:Result: Sequence: Offensive Strategy -> Failure
DEBUG:root:Executing:Sequence: Spread Strategy
DEBUG:root:Executing:Action: spread
DEBUG:root:Result: Action: spread -> Failure
DEBUG:root:Result: Sequence: Spread Strategy -> Failure
DEBUG:root:Executing:Sequence: Defensive Strategy
DEBUG:root:Executing:Action: defend
DEBUG:root:Order:1 18 3
DEBUG:root:Result: Action: defend -> Success
DEBUG:root:Result: Sequence: Defensive Strategy -> Success
DEBUG:root:Result: Selector: High Level Ordering of Strategies -> Success
DEBUG:root:Finish turn

DEBUG:root:Executing:Selector: High Level Ordering of Strategies
DEBUG:root:Executing:Sequence: Starting Strategy
DEBUG:root:Executing:Check: few_planets
DEBUG:root:Result: Check: few_planets -> Success
DEBUG:root:Executing:Action: take_turn
DEBUG:root:Bad order:1 33.0 56.0
DEBUG:root:Result: Action: take_turn -> Failure
DEBUG:root:Result: Sequence: Starting Strategy -> Failure
DEBUG:root:Executing:Sequence: Offensive Strategy
DEBUG:root:Executing:Check: have_largest_fleet
DEBUG:root:Result: Check: have_largest_fleet -> Success
DEBUG:root:Executing:Action: attack
DEBUG:root:Result: Action: attack -> Failure
DEBUG:root:Result: Sequence: Offensive Strategy -> Failure
DEBUG:root:Executing:Sequence: Spread Strategy
DEBUG:root:Executing:Action: spread
DEBUG:root:Order:4 6 23.0
DEBUG:root:Result: Action: spread -> Failure
DEBUG:root:Result: Sequence: Spread Strategy -> Failure
DEBUG:root:Executing:Sequence: Defensive Strategy
DEBUG:root:Executing:Action: defend
DEBUG:root:Order:1 4 10
DEBUG:root:Result: Action: defend -> Success
DEBUG:root:Result: Sequence: Defensive Strategy -> Success
DEBUG:root:Result: Selector: High Level Ordering of Strategies -> Success
DEBUG:root:Finish turn

DEBUG:root:Executing:Selector: High Level Ordering of Strategies
DEBUG:root:Executing:Sequence: Starting Strategy
DEBUG:root:Executing:Check: few_planets
DEBUG:root:Result: Check: few_planets -> Success
DEBUG:root:Executing:Action: take_turn
DEBUG:root:Bad order:1 28.0 56.0
DEBUG:root:Result: Action: take_turn -> Failure
DEBUG:root:Result: Sequence: Starting Strategy -> Failure
DEBUG:root:Executing:Sequence: Offensive Strategy
DEBUG:root:Executing:Check: have_largest_fleet
DEBUG:root:Result: Check: have_largest_fleet -> Success
DEBUG:root:Executing:Action: attack
DEBUG:root:Result: Action: attack -> Failure
DEBUG:root:Result: Sequence: Offensive Strategy -> Failure
DEBUG:root:Executing:Sequence: Spread Strategy
DEBUG:root:Executing:Action: spread
DEBUG:root:Result: Action: spread -> Failure
DEBUG:root:Result: Sequence: Spread Strategy -> Failure
DEBUG:root:Executing:Sequence: Defensive Strategy
DEBUG:root:Executing:Action: defend
DEBUG:root:Order:18 4 4
DEBUG:root:Result: Action: defend -> Success
DEBUG:root:Result: Sequence: Defensive Strategy -> Success
DEBUG:root:Result: Selector: High Level Ordering of Strategies -> Success
DEBUG:root:Finish turn

DEBUG:root:Executing:Selector: High Level Ordering of Strategies
DEBUG:root:Executing:Sequence: Starting Strategy
DEBUG:root:Executing:Check: few_planets
DEBUG:root:Result: Check: few_planets -> Success
DEBUG:root:Executing:Action: take_turn
DEBUG:root:Bad order:1 33.0 56.0
DEBUG:root:Result: Action: take_turn -> Failure
DEBUG:root:Result: Sequence: Starting Strategy -> Failure
DEBUG:root:Executing:Sequence: Offensive Strategy
DEBUG:root:Executing:Check: have_largest_fleet
DEBUG:root:Result: Check: have_largest_fleet -> Success
DEBUG:root:Executing:Action: attack
DEBUG:root:Result: Action: attack -> Failure
DEBUG:root:Result: Sequence: Offensive Strategy -> Failure
DEBUG:root:Executing:Sequence: Spread Strategy
DEBUG:root:Executing:Action: spread
DEBUG:root:Result: Action: spread -> Failure
DEBUG:root:Result: Sequence: Spread Strategy -> Failure
DEBUG:root:Executing:Sequence: Defensive Strategy
DEBUG:root:Executing:Action: defend
DEBUG:root:Order:1 4 2
DEBUG:root:Result: Action: defend -> Success
DEBUG:root:Result: Sequence: Defensive Strategy -> Success
DEBUG:root:Result: Selector: High Level Ordering of Strategies -> Success
DEBUG:root:Finish turn

DEBUG:root:Executing:Selector: High Level Ordering of Strategies
DEBUG:root:Executing:Sequence: Starting Strategy
DEBUG:root:Executing:Check: few_planets
DEBUG:root:Result: Check: few_planets -> Success
DEBUG:root:Executing:Action: take_turn
DEBUG:root:Bad order:1 36.0 56.0
DEBUG:root:Result: Action: take_turn -> Failure
DEBUG:root:Result: Sequence: Starting Strategy -> Failure
DEBUG:root:Executing:Sequence: Offensive Strategy
DEBUG:root:Executing:Check: have_largest_fleet
DEBUG:root:Result: Check: have_largest_fleet -> Success
DEBUG:root:Executing:Action: attack
DEBUG:root:Result: Action: attack -> Failure
DEBUG:root:Result: Sequence: Offensive Strategy -> Failure
DEBUG:root:Executing:Sequence: Spread Strategy
DEBUG:root:Executing:Action: spread
DEBUG:root:Result: Action: spread -> Failure
DEBUG:root:Result: Sequence: Spread Strategy -> Failure
DEBUG:root:Executing:Sequence: Defensive Strategy
DEBUG:root:Executing:Action: defend
DEBUG:root:Order:1 12 10
DEBUG:root:Result: Action: defend -> Success
DEBUG:root:Result: Sequence: Defensive Strategy -> Success
DEBUG:root:Result: Selector: High Level Ordering of Strategies -> Success
DEBUG:root:Finish turn

DEBUG:root:Executing:Selector: High Level Ordering of Strategies
DEBUG:root:Executing:Sequence: Starting Strategy
DEBUG:root:Executing:Check: few_planets
DEBUG:root:Result: Check: few_planets -> Success
DEBUG:root:Executing:Action: take_turn
DEBUG:root:Bad order:1 31.0 56.0
DEBUG:root:Result: Action: take_turn -> Failure
DEBUG:root:Result: Sequence: Starting Strategy -> Failure
DEBUG:root:Executing:Sequence: Offensive Strategy
DEBUG:root:Executing:Check: have_largest_fleet
DEBUG:root:Result: Check: have_largest_fleet -> Success
DEBUG:root:Executing:Action: attack
DEBUG:root:Result: Action: attack -> Failure
DEBUG:root:Result: Sequence: Offensive Strategy -> Failure
DEBUG:root:Executing:Sequence: Spread Strategy
DEBUG:root:Executing:Action: spread
DEBUG:root:Result: Action: spread -> Failure
DEBUG:root:Result: Sequence: Spread Strategy -> Failure
DEBUG:root:Executing:Sequence: Defensive Strategy
DEBUG:root:Executing:Action: defend
DEBUG:root:Order:4 11 10
DEBUG:root:Result: Action: defend -> Success
DEBUG:root:Result: Sequence: Defensive Strategy -> Success
DEBUG:root:Result: Selector: High Level Ordering of Strategies -> Success
DEBUG:root:Finish turn

DEBUG:root:Executing:Selector: High Level Ordering of Strategies
DEBUG:root:Executing:Sequence: Starting Strategy
DEBUG:root:Executing:Check: few_planets
DEBUG:root:Result: Check: few_planets -> Success
DEBUG:root:Executing:Action: take_turn
DEBUG:root:Bad order:1 36.0 56.0
DEBUG:root:Result: Action: take_turn -> Failure
DEBUG:root:Result: Sequence: Starting Strategy -> Failure
DEBUG:root:Executing:Sequence: Offensive Strategy
DEBUG:root:Executing:Check: have_largest_fleet
DEBUG:root:Result: Check: have_largest_fleet -> Success
DEBUG:root:Executing:Action: attack
DEBUG:root:Result: Action: attack -> Failure
DEBUG:root:Result: Sequence: Offensive Strategy -> Failure
DEBUG:root:Executing:Sequence: Spread Strategy
DEBUG:root:Executing:Action: spread
DEBUG:root:Result: Action: spread -> Failure
DEBUG:root:Result: Sequence: Spread Strategy -> Failure
DEBUG:root:Executing:Sequence: Defensive Strategy
DEBUG:root:Executing:Action: defend
DEBUG:root:Order:1 11 7
DEBUG:root:Result: Action: defend -> Success
DEBUG:root:Result: Sequence: Defensive Strategy -> Success
DEBUG:root:Result: Selector: High Level Ordering of Strategies -> Success
DEBUG:root:Finish turn

DEBUG:root:Executing:Selector: High Level Ordering of Strategies
DEBUG:root:Executing:Sequence: Starting Strategy
DEBUG:root:Executing:Check: few_planets
DEBUG:root:Result: Check: few_planets -> Success
DEBUG:root:Executing:Action: take_turn
DEBUG:root:Bad order:1 34.0 56.0
DEBUG:root:Result: Action: take_turn -> Failure
DEBUG:root:Result: Sequence: Starting Strategy -> Failure
DEBUG:root:Executing:Sequence: Offensive Strategy
DEBUG:root:Executing:Check: have_largest_fleet
DEBUG:root:Result: Check: have_largest_fleet -> Success
DEBUG:root:Executing:Action: attack
DEBUG:root:Result: Action: attack -> Failure
DEBUG:root:Result: Sequence: Offensive Strategy -> Failure
DEBUG:root:Executing:Sequence: Spread Strategy
DEBUG:root:Executing:Action: spread
DEBUG:root:Result: Action: spread -> Failure
DEBUG:root:Result: Sequence: Spread Strategy -> Failure
DEBUG:root:Executing:Sequence: Defensive Strategy
DEBUG:root:Executing:Action: defend
DEBUG:root:Order:18 12 4
DEBUG:root:Result: Action: defend -> Success
DEBUG:root:Result: Sequence: Defensive Strategy -> Success
DEBUG:root:Result: Selector: High Level Ordering of Strategies -> Success
DEBUG:root:Finish turn

DEBUG:root:Executing:Selector: High Level Ordering of Strategies
DEBUG:root:Executing:Sequence: Starting Strategy
DEBUG:root:Executing:Check: few_planets
DEBUG:root:Result: Check: few_planets -> Success
DEBUG:root:Executing:Action: take_turn
DEBUG:root:Bad order:1 39.0 56.0
DEBUG:root:Result: Action: take_turn -> Failure
DEBUG:root:Result: Sequence: Starting Strategy -> Failure
DEBUG:root:Executing:Sequence: Offensive Strategy
DEBUG:root:Executing:Check: have_largest_fleet
DEBUG:root:Result: Check: have_largest_fleet -> Success
DEBUG:root:Executing:Action: attack
DEBUG:root:Order:11 0 14.0
DEBUG:root:Result: Action: attack -> Failure
DEBUG:root:Result: Sequence: Offensive Strategy -> Failure
DEBUG:root:Executing:Sequence: Spread Strategy
DEBUG:root:Executing:Action: spread
DEBUG:root:Result: Action: spread -> Failure
DEBUG:root:Result: Sequence: Spread Strategy -> Failure
DEBUG:root:Executing:Sequence: Defensive Strategy
DEBUG:root:Executing:Action: defend
DEBUG:root:Order:1 11 5
DEBUG:root:Result: Action: defend -> Success
DEBUG:root:Result: Sequence: Defensive Strategy -> Success
DEBUG:root:Result: Selector: High Level Ordering of Strategies -> Success
DEBUG:root:Finish turn

DEBUG:root:Executing:Selector: High Level Ordering of Strategies
DEBUG:root:Executing:Sequence: Starting Strategy
DEBUG:root:Executing:Check: few_planets
DEBUG:root:Result: Check: few_planets -> Success
DEBUG:root:Executing:Action: take_turn
DEBUG:root:Bad order:1 39.0 56.0
DEBUG:root:Result: Action: take_turn -> Failure
DEBUG:root:Result: Sequence: Starting Strategy -> Failure
DEBUG:root:Executing:Sequence: Offensive Strategy
DEBUG:root:Executing:Check: have_largest_fleet
DEBUG:root:Result: Check: have_largest_fleet -> Success
DEBUG:root:Executing:Action: attack
DEBUG:root:Result: Action: attack -> Failure
DEBUG:root:Result: Sequence: Offensive Strategy -> Failure
DEBUG:root:Executing:Sequence: Spread Strategy
DEBUG:root:Executing:Action: spread
DEBUG:root:Result: Action: spread -> Failure
DEBUG:root:Result: Sequence: Spread Strategy -> Failure
DEBUG:root:Executing:Sequence: Defensive Strategy
DEBUG:root:Executing:Action: defend
DEBUG:root:Order:12 11 3
DEBUG:root:Result: Action: defend -> Success
DEBUG:root:Result: Sequence: Defensive Strategy -> Success
DEBUG:root:Result: Selector: High Level Ordering of Strategies -> Success
DEBUG:root:Finish turn

DEBUG:root:Executing:Selector: High Level Ordering of Strategies
DEBUG:root:Executing:Sequence: Starting Strategy
DEBUG:root:Executing:Check: few_planets
DEBUG:root:Result: Check: few_planets -> Success
DEBUG:root:Executing:Action: take_turn
DEBUG:root:Bad order:1 44.0 56.0
DEBUG:root:Result: Action: take_turn -> Failure
DEBUG:root:Result: Sequence: Starting Strategy -> Failure
DEBUG:root:Executing:Sequence: Offensive Strategy
DEBUG:root:Executing:Check: have_largest_fleet
DEBUG:root:Result: Check: have_largest_fleet -> Success
DEBUG:root:Executing:Action: attack
DEBUG:root:Result: Action: attack -> Failure
DEBUG:root:Result: Sequence: Offensive Strategy -> Failure
DEBUG:root:Executing:Sequence: Spread Strategy
DEBUG:root:Executing:Action: spread
DEBUG:root:Result: Action: spread -> Failure
DEBUG:root:Result: Sequence: Spread Strategy -> Failure
DEBUG:root:Executing:Sequence: Defensive Strategy
DEBUG:root:Executing:Action: defend
DEBUG:root:Order:1 18 2
DEBUG:root:Result: Action: defend -> Success
DEBUG:root:Result: Sequence: Defensive Strategy -> Success
DEBUG:root:Result: Selector: High Level Ordering of Strategies -> Success
DEBUG:root:Finish turn

DEBUG:root:Executing:Selector: High Level Ordering of Strategies
DEBUG:root:Executing:Sequence: Starting Strategy
DEBUG:root:Executing:Check: few_planets
DEBUG:root:Result: Check: few_planets -> Success
DEBUG:root:Executing:Action: take_turn
DEBUG:root:Result: Action: take_turn -> Failure
DEBUG:root:Result: Sequence: Starting Strategy -> Failure
DEBUG:root:Executing:Sequence: Offensive Strategy
DEBUG:root:Executing:Check: have_largest_fleet
DEBUG:root:Result: Check: have_largest_fleet -> Success
DEBUG:root:Executing:Action: attack
DEBUG:root:Result: Action: attack -> Failure
DEBUG:root:Result: Sequence: Offensive Strategy -> Failure
DEBUG:root:Executing:Sequence: Spread Strategy
DEBUG:root:Executing:Action: spread
DEBUG:root:Result: Action: spread -> Failure
DEBUG:root:Result: Sequence: Spread Strategy -> Failure
DEBUG:root:Executing:Sequence: Defensive Strategy
DEBUG:root:Executing:Action: defend
DEBUG:root:Order:12 6 13
DEBUG:root:Result: Action: defend -> Success
DEBUG:root:Result: Sequence: Defensive Strategy -> Success
DEBUG:root:Result: Selector: High Level Ordering of Strategies -> Success
DEBUG:root:Finish turn

DEBUG:root:Executing:Selector: High Level Ordering of Strategies
DEBUG:root:Executing:Sequence: Starting Strategy
DEBUG:root:Executing:Check: few_planets
DEBUG:root:Result: Check: few_planets -> Failure
DEBUG:root:Result: Sequence: Starting Strategy -> Failure
DEBUG:root:Executing:Sequence: Offensive Strategy
DEBUG:root:Executing:Check: have_largest_fleet
DEBUG:root:Result: Check: have_largest_fleet -> Success
DEBUG:root:Executing:Action: attack
DEBUG:root:Result: Action: attack -> Failure
DEBUG:root:Result: Sequence: Offensive Strategy -> Failure
DEBUG:root:Executing:Sequence: Spread Strategy
DEBUG:root:Executing:Action: spread
DEBUG:root:Result: Action: spread -> Failure
DEBUG:root:Result: Sequence: Spread Strategy -> Failure
DEBUG:root:Executing:Sequence: Defensive Strategy
DEBUG:root:Executing:Action: defend
DEBUG:root:Order:1 6 19
DEBUG:root:Result: Action: defend -> Success
DEBUG:root:Result: Sequence: Defensive Strategy -> Success
DEBUG:root:Result: Selector: High Level Ordering of Strategies -> Success
DEBUG:root:Finish turn

DEBUG:root:Executing:Selector: High Level Ordering of Strategies
DEBUG:root:Executing:Sequence: Starting Strategy
DEBUG:root:Executing:Check: few_planets
DEBUG:root:Result: Check: few_planets -> Failure
DEBUG:root:Result: Sequence: Starting Strategy -> Failure
DEBUG:root:Executing:Sequence: Offensive Strategy
DEBUG:root:Executing:Check: have_largest_fleet
DEBUG:root:Result: Check: have_largest_fleet -> Success
DEBUG:root:Executing:Action: attack
DEBUG:root:Order:12 17 28.0
DEBUG:root:Result: Action: attack -> Failure
DEBUG:root:Result: Sequence: Offensive Strategy -> Failure
DEBUG:root:Executing:Sequence: Spread Strategy
DEBUG:root:Executing:Action: spread
DEBUG:root:Result: Action: spread -> Failure
DEBUG:root:Result: Sequence: Spread Strategy -> Failure
DEBUG:root:Executing:Sequence: Defensive Strategy
DEBUG:root:Executing:Action: defend
DEBUG:root:Order:11 0 27
DEBUG:root:Result: Action: defend -> Success
DEBUG:root:Result: Sequence: Defensive Strategy -> Success
DEBUG:root:Result: Selector: High Level Ordering of Strategies -> Success
DEBUG:root:Finish turn

DEBUG:root:Executing:Selector: High Level Ordering of Strategies
DEBUG:root:Executing:Sequence: Starting Strategy
DEBUG:root:Executing:Check: few_planets
DEBUG:root:Result: Check: few_planets -> Failure
DEBUG:root:Result: Sequence: Starting Strategy -> Failure
DEBUG:root:Executing:Sequence: Offensive Strategy
DEBUG:root:Executing:Check: have_largest_fleet
DEBUG:root:Result: Check: have_largest_fleet -> Success
DEBUG:root:Executing:Action: attack
DEBUG:root:Order:4 9 45.0
DEBUG:root:Result: Action: attack -> Failure
DEBUG:root:Result: Sequence: Offensive Strategy -> Failure
DEBUG:root:Executing:Sequence: Spread Strategy
DEBUG:root:Executing:Action: spread
DEBUG:root:Result: Action: spread -> Failure
DEBUG:root:Result: Sequence: Spread Strategy -> Failure
DEBUG:root:Executing:Sequence: Defensive Strategy
DEBUG:root:Executing:Action: defend
DEBUG:root:Order:18 4 16
DEBUG:root:Result: Action: defend -> Success
DEBUG:root:Result: Sequence: Defensive Strategy -> Success
DEBUG:root:Result: Selector: High Level Ordering of Strategies -> Success
DEBUG:root:Finish turn

DEBUG:root:Executing:Selector: High Level Ordering of Strategies
DEBUG:root:Executing:Sequence: Starting Strategy
DEBUG:root:Executing:Check: few_planets
DEBUG:root:Result: Check: few_planets -> Failure
DEBUG:root:Result: Sequence: Starting Strategy -> Failure
DEBUG:root:Executing:Sequence: Offensive Strategy
DEBUG:root:Executing:Check: have_largest_fleet
DEBUG:root:Result: Check: have_largest_fleet -> Success
DEBUG:root:Executing:Action: attack
DEBUG:root:Result: Action: attack -> Failure
DEBUG:root:Result: Sequence: Offensive Strategy -> Failure
DEBUG:root:Executing:Sequence: Spread Strategy
DEBUG:root:Executing:Action: spread
DEBUG:root:Result: Action: spread -> Failure
DEBUG:root:Result: Sequence: Spread Strategy -> Failure
DEBUG:root:Executing:Sequence: Defensive Strategy
DEBUG:root:Executing:Action: defend
DEBUG:root:Order:1 5 24
DEBUG:root:Result: Action: defend -> Success
DEBUG:root:Result: Sequence: Defensive Strategy -> Success
DEBUG:root:Result: Selector: High Level Ordering of Strategies -> Success
DEBUG:root:Finish turn

DEBUG:root:Executing:Selector: High Level Ordering of Strategies
DEBUG:root:Executing:Sequence: Starting Strategy
DEBUG:root:Executing:Check: few_planets
DEBUG:root:Result: Check: few_planets -> Failure
DEBUG:root:Result: Sequence: Starting Strategy -> Failure
DEBUG:root:Executing:Sequence: Offensive Strategy
DEBUG:root:Executing:Check: have_largest_fleet
DEBUG:root:Result: Check: have_largest_fleet -> Success
DEBUG:root:Executing:Action: attack
DEBUG:root:Result: Action: attack -> Failure
DEBUG:root:Result: Sequence: Offensive Strategy -> Failure
DEBUG:root:Executing:Sequence: Spread Strategy
DEBUG:root:Executing:Action: spread
DEBUG:root:Result: Action: spread -> Failure
DEBUG:root:Result: Sequence: Spread Strategy -> Failure
DEBUG:root:Executing:Sequence: Defensive Strategy
DEBUG:root:Executing:Action: defend
DEBUG:root:Order:11 5 13
DEBUG:root:Result: Action: defend -> Success
DEBUG:root:Result: Sequence: Defensive Strategy -> Success
DEBUG:root:Result: Selector: High Level Ordering of Strategies -> Success
DEBUG:root:Finish turn

DEBUG:root:Executing:Selector: High Level Ordering of Strategies
DEBUG:root:Executing:Sequence: Starting Strategy
DEBUG:root:Executing:Check: few_planets
DEBUG:root:Result: Check: few_planets -> Failure
DEBUG:root:Result: Sequence: Starting Strategy -> Failure
DEBUG:root:Executing:Sequence: Offensive Strategy
DEBUG:root:Executing:Check: have_largest_fleet
DEBUG:root:Result: Check: have_largest_fleet -> Success
DEBUG:root:Executing:Action: attack
DEBUG:root:Result: Action: attack -> Failure
DEBUG:root:Result: Sequence: Offensive Strategy -> Failure
DEBUG:root:Executing:Sequence: Spread Strategy
DEBUG:root:Executing:Action: spread
DEBUG:root:Result: Action: spread -> Failure
DEBUG:root:Result: Sequence: Spread Strategy -> Failure
DEBUG:root:Executing:Sequence: Defensive Strategy
DEBUG:root:Executing:Action: defend
DEBUG:root:Order:18 6 8
DEBUG:root:Result: Action: defend -> Success
DEBUG:root:Result: Sequence: Defensive Strategy -> Success
DEBUG:root:Result: Selector: High Level Ordering of Strategies -> Success
DEBUG:root:Finish turn

DEBUG:root:Executing:Selector: High Level Ordering of Strategies
DEBUG:root:Executing:Sequence: Starting Strategy
DEBUG:root:Executing:Check: few_planets
DEBUG:root:Result: Check: few_planets -> Failure
DEBUG:root:Result: Sequence: Starting Strategy -> Failure
DEBUG:root:Executing:Sequence: Offensive Strategy
DEBUG:root:Executing:Check: have_largest_fleet
DEBUG:root:Result: Check: have_largest_fleet -> Success
DEBUG:root:Executing:Action: attack
DEBUG:root:Result: Action: attack -> Failure
DEBUG:root:Result: Sequence: Offensive Strategy -> Failure
DEBUG:root:Executing:Sequence: Spread Strategy
DEBUG:root:Executing:Action: spread
DEBUG:root:Result: Action: spread -> Failure
DEBUG:root:Result: Sequence: Spread Strategy -> Failure
DEBUG:root:Executing:Sequence: Defensive Strategy
DEBUG:root:Executing:Action: defend
DEBUG:root:Order:12 0 8
DEBUG:root:Result: Action: defend -> Success
DEBUG:root:Result: Sequence: Defensive Strategy -> Success
DEBUG:root:Result: Selector: High Level Ordering of Strategies -> Success
DEBUG:root:Finish turn

DEBUG:root:Executing:Selector: High Level Ordering of Strategies
DEBUG:root:Executing:Sequence: Starting Strategy
DEBUG:root:Executing:Check: few_planets
DEBUG:root:Result: Check: few_planets -> Failure
DEBUG:root:Result: Sequence: Starting Strategy -> Failure
DEBUG:root:Executing:Sequence: Offensive Strategy
DEBUG:root:Executing:Check: have_largest_fleet
DEBUG:root:Result: Check: have_largest_fleet -> Success
DEBUG:root:Executing:Action: attack
DEBUG:root:Result: Action: attack -> Failure
DEBUG:root:Result: Sequence: Offensive Strategy -> Failure
DEBUG:root:Executing:Sequence: Spread Strategy
DEBUG:root:Executing:Action: spread
DEBUG:root:Result: Action: spread -> Failure
DEBUG:root:Result: Sequence: Spread Strategy -> Failure
DEBUG:root:Executing:Sequence: Defensive Strategy
DEBUG:root:Executing:Action: defend
DEBUG:root:Order:11 6 9
DEBUG:root:Result: Action: defend -> Success
DEBUG:root:Result: Sequence: Defensive Strategy -> Success
DEBUG:root:Result: Selector: High Level Ordering of Strategies -> Success
DEBUG:root:Finish turn

DEBUG:root:Executing:Selector: High Level Ordering of Strategies
DEBUG:root:Executing:Sequence: Starting Strategy
DEBUG:root:Executing:Check: few_planets
DEBUG:root:Result: Check: few_planets -> Failure
DEBUG:root:Result: Sequence: Starting Strategy -> Failure
DEBUG:root:Executing:Sequence: Offensive Strategy
DEBUG:root:Executing:Check: have_largest_fleet
DEBUG:root:Result: Check: have_largest_fleet -> Success
DEBUG:root:Executing:Action: attack
DEBUG:root:Result: Action: attack -> Failure
DEBUG:root:Result: Sequence: Offensive Strategy -> Failure
DEBUG:root:Executing:Sequence: Spread Strategy
DEBUG:root:Executing:Action: spread
DEBUG:root:Result: Action: spread -> Failure
DEBUG:root:Result: Sequence: Spread Strategy -> Failure
DEBUG:root:Executing:Sequence: Defensive Strategy
DEBUG:root:Executing:Action: defend
DEBUG:root:Order:1 17 13
DEBUG:root:Result: Action: defend -> Success
DEBUG:root:Result: Sequence: Defensive Strategy -> Success
DEBUG:root:Result: Selector: High Level Ordering of Strategies -> Success
DEBUG:root:Finish turn

DEBUG:root:Executing:Selector: High Level Ordering of Strategies
DEBUG:root:Executing:Sequence: Starting Strategy
DEBUG:root:Executing:Check: few_planets
DEBUG:root:Result: Check: few_planets -> Failure
DEBUG:root:Result: Sequence: Starting Strategy -> Failure
DEBUG:root:Executing:Sequence: Offensive Strategy
DEBUG:root:Executing:Check: have_largest_fleet
DEBUG:root:Result: Check: have_largest_fleet -> Success
DEBUG:root:Executing:Action: attack
DEBUG:root:Result: Action: attack -> Failure
DEBUG:root:Result: Sequence: Offensive Strategy -> Failure
DEBUG:root:Executing:Sequence: Spread Strategy
DEBUG:root:Executing:Action: spread
DEBUG:root:Result: Action: spread -> Failure
DEBUG:root:Result: Sequence: Spread Strategy -> Failure
DEBUG:root:Executing:Sequence: Defensive Strategy
DEBUG:root:Executing:Action: defend
DEBUG:root:Order:12 17 12
DEBUG:root:Result: Action: defend -> Success
DEBUG:root:Result: Sequence: Defensive Strategy -> Success
DEBUG:root:Result: Selector: High Level Ordering of Strategies -> Success
DEBUG:root:Finish turn

DEBUG:root:Executing:Selector: High Level Ordering of Strategies
DEBUG:root:Executing:Sequence: Starting Strategy
DEBUG:root:Executing:Check: few_planets
DEBUG:root:Result: Check: few_planets -> Failure
DEBUG:root:Result: Sequence: Starting Strategy -> Failure
DEBUG:root:Executing:Sequence: Offensive Strategy
DEBUG:root:Executing:Check: have_largest_fleet
DEBUG:root:Result: Check: have_largest_fleet -> Success
DEBUG:root:Executing:Action: attack
DEBUG:root:Result: Action: attack -> Failure
DEBUG:root:Result: Sequence: Offensive Strategy -> Failure
DEBUG:root:Executing:Sequence: Spread Strategy
DEBUG:root:Executing:Action: spread
DEBUG:root:Result: Action: spread -> Failure
DEBUG:root:Result: Sequence: Spread Strategy -> Failure
DEBUG:root:Executing:Sequence: Defensive Strategy
DEBUG:root:Executing:Action: defend
DEBUG:root:Order:11 17 12
DEBUG:root:Result: Action: defend -> Success
DEBUG:root:Result: Sequence: Defensive Strategy -> Success
DEBUG:root:Result: Selector: High Level Ordering of Strategies -> Success
DEBUG:root:Finish turn

DEBUG:root:Executing:Selector: High Level Ordering of Strategies
DEBUG:root:Executing:Sequence: Starting Strategy
DEBUG:root:Executing:Check: few_planets
DEBUG:root:Result: Check: few_planets -> Failure
DEBUG:root:Result: Sequence: Starting Strategy -> Failure
DEBUG:root:Executing:Sequence: Offensive Strategy
DEBUG:root:Executing:Check: have_largest_fleet
DEBUG:root:Result: Check: have_largest_fleet -> Success
DEBUG:root:Executing:Action: attack
DEBUG:root:Result: Action: attack -> Failure
DEBUG:root:Result: Sequence: Offensive Strategy -> Failure
DEBUG:root:Executing:Sequence: Spread Strategy
DEBUG:root:Executing:Action: spread
DEBUG:root:Result: Action: spread -> Failure
DEBUG:root:Result: Sequence: Spread Strategy -> Failure
DEBUG:root:Executing:Sequence: Defensive Strategy
DEBUG:root:Executing:Action: defend
DEBUG:root:Order:1 17 8
DEBUG:root:Result: Action: defend -> Success
DEBUG:root:Result: Sequence: Defensive Strategy -> Success
DEBUG:root:Result: Selector: High Level Ordering of Strategies -> Success
DEBUG:root:Finish turn

DEBUG:root:Executing:Selector: High Level Ordering of Strategies
DEBUG:root:Executing:Sequence: Starting Strategy
DEBUG:root:Executing:Check: few_planets
DEBUG:root:Result: Check: few_planets -> Failure
DEBUG:root:Result: Sequence: Starting Strategy -> Failure
DEBUG:root:Executing:Sequence: Offensive Strategy
DEBUG:root:Executing:Check: have_largest_fleet
DEBUG:root:Result: Check: have_largest_fleet -> Success
DEBUG:root:Executing:Action: attack
DEBUG:root:Result: Action: attack -> Failure
DEBUG:root:Result: Sequence: Offensive Strategy -> Failure
DEBUG:root:Executing:Sequence: Spread Strategy
DEBUG:root:Executing:Action: spread
DEBUG:root:Result: Action: spread -> Failure
DEBUG:root:Result: Sequence: Spread Strategy -> Failure
DEBUG:root:Executing:Sequence: Defensive Strategy
DEBUG:root:Executing:Action: defend
DEBUG:root:Order:4 5 7
DEBUG:root:Result: Action: defend -> Success
DEBUG:root:Result: Sequence: Defensive Strategy -> Success
DEBUG:root:Result: Selector: High Level Ordering of Strategies -> Success
DEBUG:root:Finish turn

DEBUG:root:Executing:Selector: High Level Ordering of Strategies
DEBUG:root:Executing:Sequence: Starting Strategy
DEBUG:root:Executing:Check: few_planets
DEBUG:root:Result: Check: few_planets -> Failure
DEBUG:root:Result: Sequence: Starting Strategy -> Failure
DEBUG:root:Executing:Sequence: Offensive Strategy
DEBUG:root:Executing:Check: have_largest_fleet
DEBUG:root:Result: Check: have_largest_fleet -> Success
DEBUG:root:Executing:Action: attack
DEBUG:root:Result: Action: attack -> Failure
DEBUG:root:Result: Sequence: Offensive Strategy -> Failure
DEBUG:root:Executing:Sequence: Spread Strategy
DEBUG:root:Executing:Action: spread
DEBUG:root:Order:12 19 56.0
DEBUG:root:Result: Action: spread -> Failure
DEBUG:root:Result: Sequence: Spread Strategy -> Failure
DEBUG:root:Executing:Sequence: Defensive Strategy
DEBUG:root:Executing:Action: defend
DEBUG:root:Order:11 12 13
DEBUG:root:Result: Action: defend -> Success
DEBUG:root:Result: Sequence: Defensive Strategy -> Success
DEBUG:root:Result: Selector: High Level Ordering of Strategies -> Success
DEBUG:root:Finish turn

DEBUG:root:Executing:Selector: High Level Ordering of Strategies
DEBUG:root:Executing:Sequence: Starting Strategy
DEBUG:root:Executing:Check: few_planets
DEBUG:root:Result: Check: few_planets -> Failure
DEBUG:root:Result: Sequence: Starting Strategy -> Failure
DEBUG:root:Executing:Sequence: Offensive Strategy
DEBUG:root:Executing:Check: have_largest_fleet
DEBUG:root:Result: Check: have_largest_fleet -> Success
DEBUG:root:Executing:Action: attack
DEBUG:root:Result: Action: attack -> Failure
DEBUG:root:Result: Sequence: Offensive Strategy -> Failure
DEBUG:root:Executing:Sequence: Spread Strategy
DEBUG:root:Executing:Action: spread
DEBUG:root:Order:1 20 56.0
DEBUG:root:Result: Action: spread -> Failure
DEBUG:root:Result: Sequence: Spread Strategy -> Failure
DEBUG:root:Executing:Sequence: Defensive Strategy
DEBUG:root:Executing:Action: defend
DEBUG:root:Order:0 1 17
DEBUG:root:Result: Action: defend -> Success
DEBUG:root:Result: Sequence: Defensive Strategy -> Success
DEBUG:root:Result: Selector: High Level Ordering of Strategies -> Success
DEBUG:root:Finish turn

DEBUG:root:Executing:Selector: High Level Ordering of Strategies
DEBUG:root:Executing:Sequence: Starting Strategy
DEBUG:root:Executing:Check: few_planets
DEBUG:root:Result: Check: few_planets -> Failure
DEBUG:root:Result: Sequence: Starting Strategy -> Failure
DEBUG:root:Executing:Sequence: Offensive Strategy
DEBUG:root:Executing:Check: have_largest_fleet
DEBUG:root:Result: Check: have_largest_fleet -> Success
DEBUG:root:Executing:Action: attack
DEBUG:root:Result: Action: attack -> Failure
DEBUG:root:Result: Sequence: Offensive Strategy -> Failure
DEBUG:root:Executing:Sequence: Spread Strategy
DEBUG:root:Executing:Action: spread
DEBUG:root:Result: Action: spread -> Failure
DEBUG:root:Result: Sequence: Spread Strategy -> Failure
DEBUG:root:Executing:Sequence: Defensive Strategy
DEBUG:root:Executing:Action: defend
DEBUG:root:Order:4 6 19
DEBUG:root:Result: Action: defend -> Success
DEBUG:root:Result: Sequence: Defensive Strategy -> Success
DEBUG:root:Result: Selector: High Level Ordering of Strategies -> Success
DEBUG:root:Finish turn

DEBUG:root:Executing:Selector: High Level Ordering of Strategies
DEBUG:root:Executing:Sequence: Starting Strategy
DEBUG:root:Executing:Check: few_planets
DEBUG:root:Result: Check: few_planets -> Failure
DEBUG:root:Result: Sequence: Starting Strategy -> Failure
DEBUG:root:Executing:Sequence: Offensive Strategy
DEBUG:root:Executing:Check: have_largest_fleet
DEBUG:root:Result: Check: have_largest_fleet -> Success
DEBUG:root:Executing:Action: attack
DEBUG:root:Result: Action: attack -> Failure
DEBUG:root:Result: Sequence: Offensive Strategy -> Failure
DEBUG:root:Executing:Sequence: Spread Strategy
DEBUG:root:Executing:Action: spread
DEBUG:root:Result: Action: spread -> Failure
DEBUG:root:Result: Sequence: Spread Strategy -> Failure
DEBUG:root:Executing:Sequence: Defensive Strategy
DEBUG:root:Executing:Action: defend
DEBUG:root:Order:11 6 21
DEBUG:root:Result: Action: defend -> Success
DEBUG:root:Result: Sequence: Defensive Strategy -> Success
DEBUG:root:Result: Selector: High Level Ordering of Strategies -> Success
DEBUG:root:Finish turn

DEBUG:root:Executing:Selector: High Level Ordering of Strategies
DEBUG:root:Executing:Sequence: Starting Strategy
DEBUG:root:Executing:Check: few_planets
DEBUG:root:Result: Check: few_planets -> Failure
DEBUG:root:Result: Sequence: Starting Strategy -> Failure
DEBUG:root:Executing:Sequence: Offensive Strategy
DEBUG:root:Executing:Check: have_largest_fleet
DEBUG:root:Result: Check: have_largest_fleet -> Success
DEBUG:root:Executing:Action: attack
DEBUG:root:Result: Action: attack -> Failure
DEBUG:root:Result: Sequence: Offensive Strategy -> Failure
DEBUG:root:Executing:Sequence: Spread Strategy
DEBUG:root:Executing:Action: spread
DEBUG:root:Result: Action: spread -> Failure
DEBUG:root:Result: Sequence: Spread Strategy -> Failure
DEBUG:root:Executing:Sequence: Defensive Strategy
DEBUG:root:Executing:Action: defend
DEBUG:root:Order:18 5 16
DEBUG:root:Result: Action: defend -> Success
DEBUG:root:Result: Sequence: Defensive Strategy -> Success
DEBUG:root:Result: Selector: High Level Ordering of Strategies -> Success
DEBUG:root:Finish turn

DEBUG:root:Executing:Selector: High Level Ordering of Strategies
DEBUG:root:Executing:Sequence: Starting Strategy
DEBUG:root:Executing:Check: few_planets
DEBUG:root:Result: Check: few_planets -> Failure
DEBUG:root:Result: Sequence: Starting Strategy -> Failure
DEBUG:root:Executing:Sequence: Offensive Strategy
DEBUG:root:Executing:Check: have_largest_fleet
DEBUG:root:Result: Check: have_largest_fleet -> Success
DEBUG:root:Executing:Action: attack
DEBUG:root:Result: Action: attack -> Failure
DEBUG:root:Result: Sequence: Offensive Strategy -> Failure
DEBUG:root:Executing:Sequence: Spread Strategy
DEBUG:root:Executing:Action: spread
DEBUG:root:Result: Action: spread -> Failure
DEBUG:root:Result: Sequence: Spread Strategy -> Failure
DEBUG:root:Executing:Sequence: Defensive Strategy
DEBUG:root:Executing:Action: defend
DEBUG:root:Order:0 5 8
DEBUG:root:Result: Action: defend -> Success
DEBUG:root:Result: Sequence: Defensive Strategy -> Success
DEBUG:root:Result: Selector: High Level Ordering of Strategies -> Success
DEBUG:root:Finish turn

DEBUG:root:Executing:Selector: High Level Ordering of Strategies
DEBUG:root:Executing:Sequence: Starting Strategy
DEBUG:root:Executing:Check: few_planets
DEBUG:root:Result: Check: few_planets -> Failure
DEBUG:root:Result: Sequence: Starting Strategy -> Failure
DEBUG:root:Executing:Sequence: Offensive Strategy
DEBUG:root:Executing:Check: have_largest_fleet
DEBUG:root:Result: Check: have_largest_fleet -> Success
DEBUG:root:Executing:Action: attack
DEBUG:root:Result: Action: attack -> Failure
DEBUG:root:Result: Sequence: Offensive Strategy -> Failure
DEBUG:root:Executing:Sequence: Spread Strategy
DEBUG:root:Executing:Action: spread
DEBUG:root:Result: Action: spread -> Failure
DEBUG:root:Result: Sequence: Spread Strategy -> Failure
DEBUG:root:Executing:Sequence: Defensive Strategy
DEBUG:root:Executing:Action: defend
DEBUG:root:Order:11 6 6
DEBUG:root:Result: Action: defend -> Success
DEBUG:root:Result: Sequence: Defensive Strategy -> Success
DEBUG:root:Result: Selector: High Level Ordering of Strategies -> Success
DEBUG:root:Finish turn

DEBUG:root:Executing:Selector: High Level Ordering of Strategies
DEBUG:root:Executing:Sequence: Starting Strategy
DEBUG:root:Executing:Check: few_planets
DEBUG:root:Result: Check: few_planets -> Failure
DEBUG:root:Result: Sequence: Starting Strategy -> Failure
DEBUG:root:Executing:Sequence: Offensive Strategy
DEBUG:root:Executing:Check: have_largest_fleet
DEBUG:root:Result: Check: have_largest_fleet -> Success
DEBUG:root:Executing:Action: attack
DEBUG:root:Result: Action: attack -> Failure
DEBUG:root:Result: Sequence: Offensive Strategy -> Failure
DEBUG:root:Executing:Sequence: Spread Strategy
DEBUG:root:Executing:Action: spread
DEBUG:root:Result: Action: spread -> Failure
DEBUG:root:Result: Sequence: Spread Strategy -> Failure
DEBUG:root:Executing:Sequence: Defensive Strategy
DEBUG:root:Executing:Action: defend
DEBUG:root:Order:4 5 3
DEBUG:root:Result: Action: defend -> Success
DEBUG:root:Result: Sequence: Defensive Strategy -> Success
DEBUG:root:Result: Selector: High Level Ordering of Strategies -> Success
DEBUG:root:Finish turn

DEBUG:root:Executing:Selector: High Level Ordering of Strategies
DEBUG:root:Executing:Sequence: Starting Strategy
DEBUG:root:Executing:Check: few_planets
DEBUG:root:Result: Check: few_planets -> Failure
DEBUG:root:Result: Sequence: Starting Strategy -> Failure
DEBUG:root:Executing:Sequence: Offensive Strategy
DEBUG:root:Executing:Check: have_largest_fleet
DEBUG:root:Result: Check: have_largest_fleet -> Success
DEBUG:root:Executing:Action: attack
DEBUG:root:Result: Action: attack -> Failure
DEBUG:root:Result: Sequence: Offensive Strategy -> Failure
DEBUG:root:Executing:Sequence: Spread Strategy
DEBUG:root:Executing:Action: spread
DEBUG:root:Result: Action: spread -> Failure
DEBUG:root:Result: Sequence: Spread Strategy -> Failure
DEBUG:root:Executing:Sequence: Defensive Strategy
DEBUG:root:Executing:Action: defend
DEBUG:root:Order:11 9 6
DEBUG:root:Result: Action: defend -> Success
DEBUG:root:Result: Sequence: Defensive Strategy -> Success
DEBUG:root:Result: Selector: High Level Ordering of Strategies -> Success
DEBUG:root:Finish turn

DEBUG:root:Executing:Selector: High Level Ordering of Strategies
DEBUG:root:Executing:Sequence: Starting Strategy
DEBUG:root:Executing:Check: few_planets
DEBUG:root:Result: Check: few_planets -> Failure
DEBUG:root:Result: Sequence: Starting Strategy -> Failure
DEBUG:root:Executing:Sequence: Offensive Strategy
DEBUG:root:Executing:Check: have_largest_fleet
DEBUG:root:Result: Check: have_largest_fleet -> Success
DEBUG:root:Executing:Action: attack
DEBUG:root:Result: Action: attack -> Failure
DEBUG:root:Result: Sequence: Offensive Strategy -> Failure
DEBUG:root:Executing:Sequence: Spread Strategy
DEBUG:root:Executing:Action: spread
DEBUG:root:Result: Action: spread -> Failure
DEBUG:root:Result: Sequence: Spread Strategy -> Failure
DEBUG:root:Executing:Sequence: Defensive Strategy
DEBUG:root:Executing:Action: defend
DEBUG:root:Order:1 9 11
DEBUG:root:Result: Action: defend -> Success
DEBUG:root:Result: Sequence: Defensive Strategy -> Success
DEBUG:root:Result: Selector: High Level Ordering of Strategies -> Success
DEBUG:root:Finish turn

DEBUG:root:Executing:Selector: High Level Ordering of Strategies
DEBUG:root:Executing:Sequence: Starting Strategy
DEBUG:root:Executing:Check: few_planets
DEBUG:root:Result: Check: few_planets -> Failure
DEBUG:root:Result: Sequence: Starting Strategy -> Failure
DEBUG:root:Executing:Sequence: Offensive Strategy
DEBUG:root:Executing:Check: have_largest_fleet
DEBUG:root:Result: Check: have_largest_fleet -> Success
DEBUG:root:Executing:Action: attack
DEBUG:root:Result: Action: attack -> Failure
DEBUG:root:Result: Sequence: Offensive Strategy -> Failure
DEBUG:root:Executing:Sequence: Spread Strategy
DEBUG:root:Executing:Action: spread
DEBUG:root:Order:12 21 59.0
DEBUG:root:Result: Action: spread -> Failure
DEBUG:root:Result: Sequence: Spread Strategy -> Failure
DEBUG:root:Executing:Sequence: Defensive Strategy
DEBUG:root:Executing:Action: defend
DEBUG:root:Order:11 12 14
DEBUG:root:Result: Action: defend -> Success
DEBUG:root:Result: Sequence: Defensive Strategy -> Success
DEBUG:root:Result: Selector: High Level Ordering of Strategies -> Success
DEBUG:root:Finish turn

DEBUG:root:Executing:Selector: High Level Ordering of Strategies
DEBUG:root:Executing:Sequence: Starting Strategy
DEBUG:root:Executing:Check: few_planets
DEBUG:root:Result: Check: few_planets -> Failure
DEBUG:root:Result: Sequence: Starting Strategy -> Failure
DEBUG:root:Executing:Sequence: Offensive Strategy
DEBUG:root:Executing:Check: have_largest_fleet
DEBUG:root:Result: Check: have_largest_fleet -> Success
DEBUG:root:Executing:Action: attack
DEBUG:root:Result: Action: attack -> Failure
DEBUG:root:Result: Sequence: Offensive Strategy -> Failure
DEBUG:root:Executing:Sequence: Spread Strategy
DEBUG:root:Executing:Action: spread
DEBUG:root:Order:0 22 59.0
DEBUG:root:Result: Action: spread -> Failure
DEBUG:root:Result: Sequence: Spread Strategy -> Failure
DEBUG:root:Executing:Sequence: Defensive Strategy
DEBUG:root:Executing:Action: defend
DEBUG:root:Order:4 0 18
DEBUG:root:Result: Action: defend -> Success
DEBUG:root:Result: Sequence: Defensive Strategy -> Success
DEBUG:root:Result: Selector: High Level Ordering of Strategies -> Success
DEBUG:root:Finish turn

DEBUG:root:Executing:Selector: High Level Ordering of Strategies
DEBUG:root:Executing:Sequence: Starting Strategy
DEBUG:root:Executing:Check: few_planets
DEBUG:root:Result: Check: few_planets -> Failure
DEBUG:root:Result: Sequence: Starting Strategy -> Failure
DEBUG:root:Executing:Sequence: Offensive Strategy
DEBUG:root:Executing:Check: have_largest_fleet
DEBUG:root:Result: Check: have_largest_fleet -> Success
DEBUG:root:Executing:Action: attack
DEBUG:root:Result: Action: attack -> Failure
DEBUG:root:Result: Sequence: Offensive Strategy -> Failure
DEBUG:root:Executing:Sequence: Spread Strategy
DEBUG:root:Executing:Action: spread
DEBUG:root:Order:1 13 60.0
DEBUG:root:Order:6 14 60.0
DEBUG:root:Result: Action: spread -> Failure
DEBUG:root:Result: Sequence: Spread Strategy -> Failure
DEBUG:root:Executing:Sequence: Defensive Strategy
DEBUG:root:Executing:Action: defend
DEBUG:root:Order:17 6 27
DEBUG:root:Result: Action: defend -> Success
DEBUG:root:Result: Sequence: Defensive Strategy -> Success
DEBUG:root:Result: Selector: High Level Ordering of Strategies -> Success
DEBUG:root:Finish turn

DEBUG:root:Executing:Selector: High Level Ordering of Strategies
DEBUG:root:Executing:Sequence: Starting Strategy
DEBUG:root:Executing:Check: few_planets
DEBUG:root:Result: Check: few_planets -> Failure
DEBUG:root:Result: Sequence: Starting Strategy -> Failure
DEBUG:root:Executing:Sequence: Offensive Strategy
DEBUG:root:Executing:Check: have_largest_fleet
DEBUG:root:Result: Check: have_largest_fleet -> Success
DEBUG:root:Executing:Action: attack
DEBUG:root:Result: Action: attack -> Failure
DEBUG:root:Result: Sequence: Offensive Strategy -> Failure
DEBUG:root:Executing:Sequence: Spread Strategy
DEBUG:root:Executing:Action: spread
DEBUG:root:Result: Action: spread -> Failure
DEBUG:root:Result: Sequence: Spread Strategy -> Failure
DEBUG:root:Executing:Sequence: Defensive Strategy
DEBUG:root:Executing:Action: defend
DEBUG:root:Order:11 1 24
DEBUG:root:Result: Action: defend -> Success
DEBUG:root:Result: Sequence: Defensive Strategy -> Success
DEBUG:root:Result: Selector: High Level Ordering of Strategies -> Success
DEBUG:root:Finish turn

DEBUG:root:Executing:Selector: High Level Ordering of Strategies
DEBUG:root:Executing:Sequence: Starting Strategy
DEBUG:root:Executing:Check: few_planets
DEBUG:root:Result: Check: few_planets -> Failure
DEBUG:root:Result: Sequence: Starting Strategy -> Failure
DEBUG:root:Executing:Sequence: Offensive Strategy
DEBUG:root:Executing:Check: have_largest_fleet
DEBUG:root:Result: Check: have_largest_fleet -> Success
DEBUG:root:Executing:Action: attack
DEBUG:root:Result: Action: attack -> Failure
DEBUG:root:Result: Sequence: Offensive Strategy -> Failure
DEBUG:root:Executing:Sequence: Spread Strategy
DEBUG:root:Executing:Action: spread
DEBUG:root:Result: Action: spread -> Failure
DEBUG:root:Result: Sequence: Spread Strategy -> Failure
DEBUG:root:Executing:Sequence: Defensive Strategy
DEBUG:root:Executing:Action: defend
DEBUG:root:Order:18 6 18
DEBUG:root:Result: Action: defend -> Success
DEBUG:root:Result: Sequence: Defensive Strategy -> Success
DEBUG:root:Result: Selector: High Level Ordering of Strategies -> Success
DEBUG:root:Finish turn

DEBUG:root:Executing:Selector: High Level Ordering of Strategies
DEBUG:root:Executing:Sequence: Starting Strategy
DEBUG:root:Executing:Check: few_planets
DEBUG:root:Result: Check: few_planets -> Failure
DEBUG:root:Result: Sequence: Starting Strategy -> Failure
DEBUG:root:Executing:Sequence: Offensive Strategy
DEBUG:root:Executing:Check: have_largest_fleet
DEBUG:root:Result: Check: have_largest_fleet -> Success
DEBUG:root:Executing:Action: attack
DEBUG:root:Result: Action: attack -> Failure
DEBUG:root:Result: Sequence: Offensive Strategy -> Failure
DEBUG:root:Executing:Sequence: Spread Strategy
DEBUG:root:Executing:Action: spread
DEBUG:root:Result: Action: spread -> Failure
DEBUG:root:Result: Sequence: Spread Strategy -> Failure
DEBUG:root:Executing:Sequence: Defensive Strategy
DEBUG:root:Executing:Action: defend
DEBUG:root:Order:4 0 10
DEBUG:root:Result: Action: defend -> Success
DEBUG:root:Result: Sequence: Defensive Strategy -> Success
DEBUG:root:Result: Selector: High Level Ordering of Strategies -> Success
DEBUG:root:Finish turn

DEBUG:root:Executing:Selector: High Level Ordering of Strategies
DEBUG:root:Executing:Sequence: Starting Strategy
DEBUG:root:Executing:Check: few_planets
DEBUG:root:Result: Check: few_planets -> Failure
DEBUG:root:Result: Sequence: Starting Strategy -> Failure
DEBUG:root:Executing:Sequence: Offensive Strategy
DEBUG:root:Executing:Check: have_largest_fleet
DEBUG:root:Result: Check: have_largest_fleet -> Success
DEBUG:root:Executing:Action: attack
DEBUG:root:Result: Action: attack -> Failure
DEBUG:root:Result: Sequence: Offensive Strategy -> Failure
DEBUG:root:Executing:Sequence: Spread Strategy
DEBUG:root:Executing:Action: spread
DEBUG:root:Result: Action: spread -> Failure
DEBUG:root:Result: Sequence: Spread Strategy -> Failure
DEBUG:root:Executing:Sequence: Defensive Strategy
DEBUG:root:Executing:Action: defend
DEBUG:root:Order:5 6 7
DEBUG:root:Result: Action: defend -> Success
DEBUG:root:Result: Sequence: Defensive Strategy -> Success
DEBUG:root:Result: Selector: High Level Ordering of Strategies -> Success
DEBUG:root:Finish turn

DEBUG:root:Executing:Selector: High Level Ordering of Strategies
DEBUG:root:Executing:Sequence: Starting Strategy
DEBUG:root:Executing:Check: few_planets
DEBUG:root:Result: Check: few_planets -> Failure
DEBUG:root:Result: Sequence: Starting Strategy -> Failure
DEBUG:root:Executing:Sequence: Offensive Strategy
DEBUG:root:Executing:Check: have_largest_fleet
DEBUG:root:Result: Check: have_largest_fleet -> Success
DEBUG:root:Executing:Action: attack
DEBUG:root:Result: Action: attack -> Failure
DEBUG:root:Result: Sequence: Offensive Strategy -> Failure
DEBUG:root:Executing:Sequence: Spread Strategy
DEBUG:root:Executing:Action: spread
DEBUG:root:Result: Action: spread -> Failure
DEBUG:root:Result: Sequence: Spread Strategy -> Failure
DEBUG:root:Executing:Sequence: Defensive Strategy
DEBUG:root:Executing:Action: defend
DEBUG:root:Order:11 17 6
DEBUG:root:Result: Action: defend -> Success
DEBUG:root:Result: Sequence: Defensive Strategy -> Success
DEBUG:root:Result: Selector: High Level Ordering of Strategies -> Success
DEBUG:root:Finish turn

DEBUG:root:Executing:Selector: High Level Ordering of Strategies
DEBUG:root:Executing:Sequence: Starting Strategy
DEBUG:root:Executing:Check: few_planets
DEBUG:root:Result: Check: few_planets -> Failure
DEBUG:root:Result: Sequence: Starting Strategy -> Failure
DEBUG:root:Executing:Sequence: Offensive Strategy
DEBUG:root:Executing:Check: have_largest_fleet
DEBUG:root:Result: Check: have_largest_fleet -> Success
DEBUG:root:Executing:Action: attack
DEBUG:root:Result: Action: attack -> Failure
DEBUG:root:Result: Sequence: Offensive Strategy -> Failure
DEBUG:root:Executing:Sequence: Spread Strategy
DEBUG:root:Executing:Action: spread
DEBUG:root:Result: Action: spread -> Failure
DEBUG:root:Result: Sequence: Spread Strategy -> Failure
DEBUG:root:Executing:Sequence: Defensive Strategy
DEBUG:root:Executing:Action: defend
DEBUG:root:Order:12 6 4
DEBUG:root:Result: Action: defend -> Success
DEBUG:root:Result: Sequence: Defensive Strategy -> Success
DEBUG:root:Result: Selector: High Level Ordering of Strategies -> Success
DEBUG:root:Finish turn

DEBUG:root:Executing:Selector: High Level Ordering of Strategies
DEBUG:root:Executing:Sequence: Starting Strategy
DEBUG:root:Executing:Check: few_planets
DEBUG:root:Result: Check: few_planets -> Failure
DEBUG:root:Result: Sequence: Starting Strategy -> Failure
DEBUG:root:Executing:Sequence: Offensive Strategy
DEBUG:root:Executing:Check: have_largest_fleet
DEBUG:root:Result: Check: have_largest_fleet -> Success
DEBUG:root:Executing:Action: attack
DEBUG:root:Result: Action: attack -> Failure
DEBUG:root:Result: Sequence: Offensive Strategy -> Failure
DEBUG:root:Executing:Sequence: Spread Strategy
DEBUG:root:Executing:Action: spread
DEBUG:root:Result: Action: spread -> Failure
DEBUG:root:Result: Sequence: Spread Strategy -> Failure
DEBUG:root:Executing:Sequence: Defensive Strategy
DEBUG:root:Executing:Action: defend
DEBUG:root:Order:1 5 10
DEBUG:root:Result: Action: defend -> Success
DEBUG:root:Result: Sequence: Defensive Strategy -> Success
DEBUG:root:Result: Selector: High Level Ordering of Strategies -> Success
DEBUG:root:Finish turn

DEBUG:root:Executing:Selector: High Level Ordering of Strategies
DEBUG:root:Executing:Sequence: Starting Strategy
DEBUG:root:Executing:Check: few_planets
DEBUG:root:Result: Check: few_planets -> Failure
DEBUG:root:Result: Sequence: Starting Strategy -> Failure
DEBUG:root:Executing:Sequence: Offensive Strategy
DEBUG:root:Executing:Check: have_largest_fleet
DEBUG:root:Result: Check: have_largest_fleet -> Success
DEBUG:root:Executing:Action: attack
DEBUG:root:Result: Action: attack -> Failure
DEBUG:root:Result: Sequence: Offensive Strategy -> Failure
DEBUG:root:Executing:Sequence: Spread Strategy
DEBUG:root:Executing:Action: spread
DEBUG:root:Order:11 15 60.0
DEBUG:root:Order:12 16 60.0
DEBUG:root:Result: Action: spread -> Failure
DEBUG:root:Result: Sequence: Spread Strategy -> Failure
DEBUG:root:Executing:Sequence: Defensive Strategy
DEBUG:root:Executing:Action: defend
DEBUG:root:Order:4 11 16
DEBUG:root:Result: Action: defend -> Success
DEBUG:root:Result: Sequence: Defensive Strategy -> Success
DEBUG:root:Result: Selector: High Level Ordering of Strategies -> Success
DEBUG:root:Finish turn

DEBUG:root:Executing:Selector: High Level Ordering of Strategies
DEBUG:root:Executing:Sequence: Starting Strategy
DEBUG:root:Executing:Check: few_planets
DEBUG:root:Result: Check: few_planets -> Failure
DEBUG:root:Result: Sequence: Starting Strategy -> Failure
DEBUG:root:Executing:Sequence: Offensive Strategy
DEBUG:root:Executing:Check: have_largest_fleet
DEBUG:root:Result: Check: have_largest_fleet -> Success
DEBUG:root:Executing:Action: attack
DEBUG:root:Result: Action: attack -> Failure
DEBUG:root:Result: Sequence: Offensive Strategy -> Failure
DEBUG:root:Executing:Sequence: Spread Strategy
DEBUG:root:Executing:Action: spread
DEBUG:root:Result: Action: spread -> Failure
DEBUG:root:Result: Sequence: Spread Strategy -> Failure
DEBUG:root:Executing:Sequence: Defensive Strategy
DEBUG:root:Executing:Action: defend
DEBUG:root:Order:1 22 21
DEBUG:root:Result: Action: defend -> Success
DEBUG:root:Result: Sequence: Defensive Strategy -> Success
DEBUG:root:Result: Selector: High Level Ordering of Strategies -> Success
DEBUG:root:Finish turn

DEBUG:root:Executing:Selector: High Level Ordering of Strategies
DEBUG:root:Executing:Sequence: Starting Strategy
DEBUG:root:Executing:Check: few_planets
DEBUG:root:Result: Check: few_planets -> Failure
DEBUG:root:Result: Sequence: Starting Strategy -> Failure
DEBUG:root:Executing:Sequence: Offensive Strategy
DEBUG:root:Executing:Check: have_largest_fleet
DEBUG:root:Result: Check: have_largest_fleet -> Success
DEBUG:root:Executing:Action: attack
DEBUG:root:Result: Action: attack -> Failure
DEBUG:root:Result: Sequence: Offensive Strategy -> Failure
DEBUG:root:Executing:Sequence: Spread Strategy
DEBUG:root:Executing:Action: spread
DEBUG:root:Result: Action: spread -> Failure
DEBUG:root:Result: Sequence: Spread Strategy -> Failure
DEBUG:root:Executing:Sequence: Defensive Strategy
DEBUG:root:Executing:Action: defend
DEBUG:root:Order:0 12 18
DEBUG:root:Result: Action: defend -> Success
DEBUG:root:Result: Sequence: Defensive Strategy -> Success
DEBUG:root:Result: Selector: High Level Ordering of Strategies -> Success
DEBUG:root:Finish turn

DEBUG:root:Executing:Selector: High Level Ordering of Strategies
DEBUG:root:Executing:Sequence: Starting Strategy
DEBUG:root:Executing:Check: few_planets
DEBUG:root:Result: Check: few_planets -> Failure
DEBUG:root:Result: Sequence: Starting Strategy -> Failure
DEBUG:root:Executing:Sequence: Offensive Strategy
DEBUG:root:Executing:Check: have_largest_fleet
DEBUG:root:Result: Check: have_largest_fleet -> Success
DEBUG:root:Executing:Action: attack
DEBUG:root:Result: Action: attack -> Failure
DEBUG:root:Result: Sequence: Offensive Strategy -> Failure
DEBUG:root:Executing:Sequence: Spread Strategy
DEBUG:root:Executing:Action: spread
DEBUG:root:Result: Action: spread -> Failure
DEBUG:root:Result: Sequence: Spread Strategy -> Failure
DEBUG:root:Executing:Sequence: Defensive Strategy
DEBUG:root:Executing:Action: defend
DEBUG:root:Order:17 21 18
DEBUG:root:Result: Action: defend -> Success
DEBUG:root:Result: Sequence: Defensive Strategy -> Success
DEBUG:root:Result: Selector: High Level Ordering of Strategies -> Success
DEBUG:root:Finish turn

DEBUG:root:Executing:Selector: High Level Ordering of Strategies
DEBUG:root:Executing:Sequence: Starting Strategy
DEBUG:root:Executing:Check: few_planets
DEBUG:root:Result: Check: few_planets -> Failure
DEBUG:root:Result: Sequence: Starting Strategy -> Failure
DEBUG:root:Executing:Sequence: Offensive Strategy
DEBUG:root:Executing:Check: have_largest_fleet
DEBUG:root:Result: Check: have_largest_fleet -> Success
DEBUG:root:Executing:Action: attack
DEBUG:root:Result: Action: attack -> Failure
DEBUG:root:Result: Sequence: Offensive Strategy -> Failure
DEBUG:root:Executing:Sequence: Spread Strategy
DEBUG:root:Executing:Action: spread
DEBUG:root:Result: Action: spread -> Failure
DEBUG:root:Result: Sequence: Spread Strategy -> Failure
DEBUG:root:Executing:Sequence: Defensive Strategy
DEBUG:root:Executing:Action: defend
DEBUG:root:Order:18 22 21
DEBUG:root:Result: Action: defend -> Success
DEBUG:root:Result: Sequence: Defensive Strategy -> Success
DEBUG:root:Result: Selector: High Level Ordering of Strategies -> Success
DEBUG:root:Finish turn

DEBUG:root:Executing:Selector: High Level Ordering of Strategies
DEBUG:root:Executing:Sequence: Starting Strategy
DEBUG:root:Executing:Check: few_planets
DEBUG:root:Result: Check: few_planets -> Failure
DEBUG:root:Result: Sequence: Starting Strategy -> Failure
DEBUG:root:Executing:Sequence: Offensive Strategy
DEBUG:root:Executing:Check: have_largest_fleet
DEBUG:root:Result: Check: have_largest_fleet -> Success
DEBUG:root:Executing:Action: attack
DEBUG:root:Result: Action: attack -> Failure
DEBUG:root:Result: Sequence: Offensive Strategy -> Failure
DEBUG:root:Executing:Sequence: Spread Strategy
DEBUG:root:Executing:Action: spread
DEBUG:root:Result: Action: spread -> Failure
DEBUG:root:Result: Sequence: Spread Strategy -> Failure
DEBUG:root:Executing:Sequence: Defensive Strategy
DEBUG:root:Executing:Action: defend
DEBUG:root:Order:1 20 22
DEBUG:root:Result: Action: defend -> Success
DEBUG:root:Result: Sequence: Defensive Strategy -> Success
DEBUG:root:Result: Selector: High Level Ordering of Strategies -> Success
DEBUG:root:Finish turn

DEBUG:root:Executing:Selector: High Level Ordering of Strategies
DEBUG:root:Executing:Sequence: Starting Strategy
DEBUG:root:Executing:Check: few_planets
DEBUG:root:Result: Check: few_planets -> Failure
DEBUG:root:Result: Sequence: Starting Strategy -> Failure
DEBUG:root:Executing:Sequence: Offensive Strategy
DEBUG:root:Executing:Check: have_largest_fleet
DEBUG:root:Result: Check: have_largest_fleet -> Success
DEBUG:root:Executing:Action: attack
DEBUG:root:Result: Action: attack -> Failure
DEBUG:root:Result: Sequence: Offensive Strategy -> Failure
DEBUG:root:Executing:Sequence: Spread Strategy
DEBUG:root:Executing:Action: spread
DEBUG:root:Result: Action: spread -> Failure
DEBUG:root:Result: Sequence: Spread Strategy -> Failure
DEBUG:root:Executing:Sequence: Defensive Strategy
DEBUG:root:Executing:Action: defend
DEBUG:root:Order:4 14 19
DEBUG:root:Result: Action: defend -> Success
DEBUG:root:Result: Sequence: Defensive Strategy -> Success
DEBUG:root:Result: Selector: High Level Ordering of Strategies -> Success
DEBUG:root:Finish turn

DEBUG:root:Executing:Selector: High Level Ordering of Strategies
DEBUG:root:Executing:Sequence: Starting Strategy
DEBUG:root:Executing:Check: few_planets
DEBUG:root:Result: Check: few_planets -> Failure
DEBUG:root:Result: Sequence: Starting Strategy -> Failure
DEBUG:root:Executing:Sequence: Offensive Strategy
DEBUG:root:Executing:Check: have_largest_fleet
DEBUG:root:Result: Check: have_largest_fleet -> Success
DEBUG:root:Executing:Action: attack
DEBUG:root:Order:17 2 45.0
DEBUG:root:Result: Action: attack -> Failure
DEBUG:root:Result: Sequence: Offensive Strategy -> Failure
DEBUG:root:Executing:Sequence: Spread Strategy
DEBUG:root:Executing:Action: spread
DEBUG:root:Result: Action: spread -> Failure
DEBUG:root:Result: Sequence: Spread Strategy -> Failure
DEBUG:root:Executing:Sequence: Defensive Strategy
DEBUG:root:Executing:Action: defend
DEBUG:root:Bad order:6 5.0 23
DEBUG:root:Result: Action: defend -> Failure
DEBUG:root:Result: Sequence: Defensive Strategy -> Failure
DEBUG:root:Result: Selector: High Level Ordering of Strategies -> Failure
DEBUG:root:Finish turn

DEBUG:root:Executing:Selector: High Level Ordering of Strategies
DEBUG:root:Executing:Sequence: Starting Strategy
DEBUG:root:Executing:Check: few_planets
DEBUG:root:Result: Check: few_planets -> Failure
DEBUG:root:Result: Sequence: Starting Strategy -> Failure
DEBUG:root:Executing:Sequence: Offensive Strategy
DEBUG:root:Executing:Check: have_largest_fleet
DEBUG:root:Result: Check: have_largest_fleet -> Success
DEBUG:root:Executing:Action: attack
DEBUG:root:Result: Action: attack -> Failure
DEBUG:root:Result: Sequence: Offensive Strategy -> Failure
DEBUG:root:Executing:Sequence: Spread Strategy
DEBUG:root:Executing:Action: spread
DEBUG:root:Result: Action: spread -> Failure
DEBUG:root:Result: Sequence: Spread Strategy -> Failure
DEBUG:root:Executing:Sequence: Defensive Strategy
DEBUG:root:Executing:Action: defend
DEBUG:root:Order:12 13 22
DEBUG:root:Result: Action: defend -> Success
DEBUG:root:Result: Sequence: Defensive Strategy -> Success
DEBUG:root:Result: Selector: High Level Ordering of Strategies -> Success
DEBUG:root:Finish turn

DEBUG:root:Executing:Selector: High Level Ordering of Strategies
DEBUG:root:Executing:Sequence: Starting Strategy
DEBUG:root:Executing:Check: few_planets
DEBUG:root:Result: Check: few_planets -> Failure
DEBUG:root:Result: Sequence: Starting Strategy -> Failure
DEBUG:root:Executing:Sequence: Offensive Strategy
DEBUG:root:Executing:Check: have_largest_fleet
DEBUG:root:Result: Check: have_largest_fleet -> Success
DEBUG:root:Executing:Action: attack
DEBUG:root:Result: Action: attack -> Failure
DEBUG:root:Result: Sequence: Offensive Strategy -> Failure
DEBUG:root:Executing:Sequence: Spread Strategy
DEBUG:root:Executing:Action: spread
DEBUG:root:Result: Action: spread -> Failure
DEBUG:root:Result: Sequence: Spread Strategy -> Failure
DEBUG:root:Executing:Sequence: Defensive Strategy
DEBUG:root:Executing:Action: defend
DEBUG:root:Order:11 17 23
DEBUG:root:Result: Action: defend -> Success
DEBUG:root:Result: Sequence: Defensive Strategy -> Success
DEBUG:root:Result: Selector: High Level Ordering of Strategies -> Success
DEBUG:root:Finish turn

DEBUG:root:Executing:Selector: High Level Ordering of Strategies
DEBUG:root:Executing:Sequence: Starting Strategy
DEBUG:root:Executing:Check: few_planets
DEBUG:root:Result: Check: few_planets -> Failure
DEBUG:root:Result: Sequence: Starting Strategy -> Failure
DEBUG:root:Executing:Sequence: Offensive Strategy
DEBUG:root:Executing:Check: have_largest_fleet
DEBUG:root:Result: Check: have_largest_fleet -> Success
DEBUG:root:Executing:Action: attack
DEBUG:root:Result: Action: attack -> Failure
DEBUG:root:Result: Sequence: Offensive Strategy -> Failure
DEBUG:root:Executing:Sequence: Spread Strategy
DEBUG:root:Executing:Action: spread
DEBUG:root:Result: Action: spread -> Failure
DEBUG:root:Result: Sequence: Spread Strategy -> Failure
DEBUG:root:Executing:Sequence: Defensive Strategy
DEBUG:root:Executing:Action: defend
DEBUG:root:Order:0 20 22
DEBUG:root:Result: Action: defend -> Success
DEBUG:root:Result: Sequence: Defensive Strategy -> Success
DEBUG:root:Result: Selector: High Level Ordering of Strategies -> Success
DEBUG:root:Finish turn

DEBUG:root:Executing:Selector: High Level Ordering of Strategies
DEBUG:root:Executing:Sequence: Starting Strategy
DEBUG:root:Executing:Check: few_planets
DEBUG:root:Result: Check: few_planets -> Failure
DEBUG:root:Result: Sequence: Starting Strategy -> Failure
DEBUG:root:Executing:Sequence: Offensive Strategy
DEBUG:root:Executing:Check: have_largest_fleet
DEBUG:root:Result: Check: have_largest_fleet -> Success
DEBUG:root:Executing:Action: attack
DEBUG:root:Result: Action: attack -> Failure
DEBUG:root:Result: Sequence: Offensive Strategy -> Failure
DEBUG:root:Executing:Sequence: Spread Strategy
DEBUG:root:Executing:Action: spread
DEBUG:root:Result: Action: spread -> Failure
DEBUG:root:Result: Sequence: Spread Strategy -> Failure
DEBUG:root:Executing:Sequence: Defensive Strategy
DEBUG:root:Executing:Action: defend
DEBUG:root:Order:1 13 16
DEBUG:root:Result: Action: defend -> Success
DEBUG:root:Result: Sequence: Defensive Strategy -> Success
DEBUG:root:Result: Selector: High Level Ordering of Strategies -> Success
DEBUG:root:Finish turn

DEBUG:root:Executing:Selector: High Level Ordering of Strategies
DEBUG:root:Executing:Sequence: Starting Strategy
DEBUG:root:Executing:Check: few_planets
DEBUG:root:Result: Check: few_planets -> Failure
DEBUG:root:Result: Sequence: Starting Strategy -> Failure
DEBUG:root:Executing:Sequence: Offensive Strategy
DEBUG:root:Executing:Check: have_largest_fleet
DEBUG:root:Result: Check: have_largest_fleet -> Success
DEBUG:root:Executing:Action: attack
DEBUG:root:Result: Action: attack -> Failure
DEBUG:root:Result: Sequence: Offensive Strategy -> Failure
DEBUG:root:Executing:Sequence: Spread Strategy
DEBUG:root:Executing:Action: spread
DEBUG:root:Result: Action: spread -> Failure
DEBUG:root:Result: Sequence: Spread Strategy -> Failure
DEBUG:root:Executing:Sequence: Defensive Strategy
DEBUG:root:Executing:Action: defend
DEBUG:root:Order:6 22 15
DEBUG:root:Result: Action: defend -> Success
DEBUG:root:Result: Sequence: Defensive Strategy -> Success
DEBUG:root:Result: Selector: High Level Ordering of Strategies -> Success
DEBUG:root:Finish turn

DEBUG:root:Executing:Selector: High Level Ordering of Strategies
DEBUG:root:Executing:Sequence: Starting Strategy
DEBUG:root:Executing:Check: few_planets
DEBUG:root:Result: Check: few_planets -> Failure
DEBUG:root:Result: Sequence: Starting Strategy -> Failure
DEBUG:root:Executing:Sequence: Offensive Strategy
DEBUG:root:Executing:Check: have_largest_fleet
DEBUG:root:Result: Check: have_largest_fleet -> Success
DEBUG:root:Executing:Action: attack
DEBUG:root:Order:20 9 8.0
DEBUG:root:Result: Action: attack -> Failure
DEBUG:root:Result: Sequence: Offensive Strategy -> Failure
DEBUG:root:Executing:Sequence: Spread Strategy
DEBUG:root:Executing:Action: spread
DEBUG:root:Result: Action: spread -> Failure
DEBUG:root:Result: Sequence: Spread Strategy -> Failure
DEBUG:root:Executing:Sequence: Defensive Strategy
DEBUG:root:Executing:Action: defend
DEBUG:root:Order:12 15 21
DEBUG:root:Result: Action: defend -> Success
DEBUG:root:Result: Sequence: Defensive Strategy -> Success
DEBUG:root:Result: Selector: High Level Ordering of Strategies -> Success
DEBUG:root:Finish turn

DEBUG:root:Executing:Selector: High Level Ordering of Strategies
DEBUG:root:Executing:Sequence: Starting Strategy
DEBUG:root:Executing:Check: few_planets
DEBUG:root:Result: Check: few_planets -> Failure
DEBUG:root:Result: Sequence: Starting Strategy -> Failure
DEBUG:root:Executing:Sequence: Offensive Strategy
DEBUG:root:Executing:Check: have_largest_fleet
DEBUG:root:Result: Check: have_largest_fleet -> Success
DEBUG:root:Executing:Action: attack
DEBUG:root:Result: Action: attack -> Failure
DEBUG:root:Result: Sequence: Offensive Strategy -> Failure
DEBUG:root:Executing:Sequence: Spread Strategy
DEBUG:root:Executing:Action: spread
DEBUG:root:Result: Action: spread -> Failure
DEBUG:root:Result: Sequence: Spread Strategy -> Failure
DEBUG:root:Executing:Sequence: Defensive Strategy
DEBUG:root:Executing:Action: defend
DEBUG:root:Order:1 16 22
DEBUG:root:Result: Action: defend -> Success
DEBUG:root:Result: Sequence: Defensive Strategy -> Success
DEBUG:root:Result: Selector: High Level Ordering of Strategies -> Success
DEBUG:root:Finish turn

DEBUG:root:Executing:Selector: High Level Ordering of Strategies
DEBUG:root:Executing:Sequence: Starting Strategy
DEBUG:root:Executing:Check: few_planets
DEBUG:root:Result: Check: few_planets -> Failure
DEBUG:root:Result: Sequence: Starting Strategy -> Failure
DEBUG:root:Executing:Sequence: Offensive Strategy
DEBUG:root:Executing:Check: have_largest_fleet
DEBUG:root:Result: Check: have_largest_fleet -> Success
DEBUG:root:Executing:Action: attack
DEBUG:root:Result: Action: attack -> Failure
DEBUG:root:Result: Sequence: Offensive Strategy -> Failure
DEBUG:root:Executing:Sequence: Spread Strategy
DEBUG:root:Executing:Action: spread
DEBUG:root:Result: Action: spread -> Failure
DEBUG:root:Result: Sequence: Spread Strategy -> Failure
DEBUG:root:Executing:Sequence: Defensive Strategy
DEBUG:root:Executing:Action: defend
DEBUG:root:Order:11 17 23
DEBUG:root:Result: Action: defend -> Success
DEBUG:root:Result: Sequence: Defensive Strategy -> Success
DEBUG:root:Result: Selector: High Level Ordering of Strategies -> Success
DEBUG:root:Finish turn

DEBUG:root:Executing:Selector: High Level Ordering of Strategies
DEBUG:root:Executing:Sequence: Starting Strategy
DEBUG:root:Executing:Check: few_planets
DEBUG:root:Result: Check: few_planets -> Failure
DEBUG:root:Result: Sequence: Starting Strategy -> Failure
DEBUG:root:Executing:Sequence: Offensive Strategy
DEBUG:root:Executing:Check: have_largest_fleet
DEBUG:root:Result: Check: have_largest_fleet -> Success
DEBUG:root:Executing:Action: attack
DEBUG:root:Result: Action: attack -> Failure
DEBUG:root:Result: Sequence: Offensive Strategy -> Failure
DEBUG:root:Executing:Sequence: Spread Strategy
DEBUG:root:Executing:Action: spread
DEBUG:root:Result: Action: spread -> Failure
DEBUG:root:Result: Sequence: Spread Strategy -> Failure
DEBUG:root:Executing:Sequence: Defensive Strategy
DEBUG:root:Executing:Action: defend
DEBUG:root:Order:4 15 19
DEBUG:root:Result: Action: defend -> Success
DEBUG:root:Result: Sequence: Defensive Strategy -> Success
DEBUG:root:Result: Selector: High Level Ordering of Strategies -> Success
DEBUG:root:Finish turn

DEBUG:root:Executing:Selector: High Level Ordering of Strategies
DEBUG:root:Executing:Sequence: Starting Strategy
DEBUG:root:Executing:Check: few_planets
DEBUG:root:Result: Check: few_planets -> Failure
DEBUG:root:Result: Sequence: Starting Strategy -> Failure
DEBUG:root:Executing:Sequence: Offensive Strategy
DEBUG:root:Executing:Check: have_largest_fleet
DEBUG:root:Result: Check: have_largest_fleet -> Success
DEBUG:root:Executing:Action: attack
DEBUG:root:Result: Action: attack -> Failure
DEBUG:root:Result: Sequence: Offensive Strategy -> Failure
DEBUG:root:Executing:Sequence: Spread Strategy
DEBUG:root:Executing:Action: spread
DEBUG:root:Result: Action: spread -> Failure
DEBUG:root:Result: Sequence: Spread Strategy -> Failure
DEBUG:root:Executing:Sequence: Defensive Strategy
DEBUG:root:Executing:Action: defend
DEBUG:root:Order:19 9 15
DEBUG:root:Result: Action: defend -> Success
DEBUG:root:Result: Sequence: Defensive Strategy -> Success
DEBUG:root:Result: Selector: High Level Ordering of Strategies -> Success
DEBUG:root:Finish turn

DEBUG:root:Executing:Selector: High Level Ordering of Strategies
DEBUG:root:Executing:Sequence: Starting Strategy
DEBUG:root:Executing:Check: few_planets
DEBUG:root:Result: Check: few_planets -> Failure
DEBUG:root:Result: Sequence: Starting Strategy -> Failure
DEBUG:root:Executing:Sequence: Offensive Strategy
DEBUG:root:Executing:Check: have_largest_fleet
DEBUG:root:Result: Check: have_largest_fleet -> Success
DEBUG:root:Executing:Action: attack
DEBUG:root:Result: Action: attack -> Failure
DEBUG:root:Result: Sequence: Offensive Strategy -> Failure
DEBUG:root:Executing:Sequence: Spread Strategy
DEBUG:root:Executing:Action: spread
DEBUG:root:Result: Action: spread -> Failure
DEBUG:root:Result: Sequence: Spread Strategy -> Failure
DEBUG:root:Executing:Sequence: Defensive Strategy
DEBUG:root:Executing:Action: defend
DEBUG:root:Order:0 9 15
DEBUG:root:Result: Action: defend -> Success
DEBUG:root:Result: Sequence: Defensive Strategy -> Success
DEBUG:root:Result: Selector: High Level Ordering of Strategies -> Success
DEBUG:root:Finish turn

DEBUG:root:Executing:Selector: High Level Ordering of Strategies
DEBUG:root:Executing:Sequence: Starting Strategy
DEBUG:root:Executing:Check: few_planets
DEBUG:root:Result: Check: few_planets -> Failure
DEBUG:root:Result: Sequence: Starting Strategy -> Failure
DEBUG:root:Executing:Sequence: Offensive Strategy
DEBUG:root:Executing:Check: have_largest_fleet
DEBUG:root:Result: Check: have_largest_fleet -> Success
DEBUG:root:Executing:Action: attack
DEBUG:root:Result: Action: attack -> Failure
DEBUG:root:Result: Sequence: Offensive Strategy -> Failure
DEBUG:root:Executing:Sequence: Spread Strategy
DEBUG:root:Executing:Action: spread
DEBUG:root:Result: Action: spread -> Failure
DEBUG:root:Result: Sequence: Spread Strategy -> Failure
DEBUG:root:Executing:Sequence: Defensive Strategy
DEBUG:root:Executing:Action: defend
DEBUG:root:Order:12 9 18
DEBUG:root:Result: Action: defend -> Success
DEBUG:root:Result: Sequence: Defensive Strategy -> Success
DEBUG:root:Result: Selector: High Level Ordering of Strategies -> Success
DEBUG:root:Finish turn

DEBUG:root:Executing:Selector: High Level Ordering of Strategies
DEBUG:root:Executing:Sequence: Starting Strategy
DEBUG:root:Executing:Check: few_planets
DEBUG:root:Result: Check: few_planets -> Failure
DEBUG:root:Result: Sequence: Starting Strategy -> Failure
DEBUG:root:Executing:Sequence: Offensive Strategy
DEBUG:root:Executing:Check: have_largest_fleet
DEBUG:root:Result: Check: have_largest_fleet -> Success
DEBUG:root:Executing:Action: attack
DEBUG:root:Result: Action: attack -> Failure
DEBUG:root:Result: Sequence: Offensive Strategy -> Failure
DEBUG:root:Executing:Sequence: Spread Strategy
DEBUG:root:Executing:Action: spread
DEBUG:root:Result: Action: spread -> Failure
DEBUG:root:Result: Sequence: Spread Strategy -> Failure
DEBUG:root:Executing:Sequence: Defensive Strategy
DEBUG:root:Executing:Action: defend
DEBUG:root:Order:1 16 15
DEBUG:root:Result: Action: defend -> Success
DEBUG:root:Result: Sequence: Defensive Strategy -> Success
DEBUG:root:Result: Selector: High Level Ordering of Strategies -> Success
DEBUG:root:Finish turn

DEBUG:root:Executing:Selector: High Level Ordering of Strategies
DEBUG:root:Executing:Sequence: Starting Strategy
DEBUG:root:Executing:Check: few_planets
DEBUG:root:Result: Check: few_planets -> Failure
DEBUG:root:Result: Sequence: Starting Strategy -> Failure
DEBUG:root:Executing:Sequence: Offensive Strategy
DEBUG:root:Executing:Check: have_largest_fleet
DEBUG:root:Result: Check: have_largest_fleet -> Success
DEBUG:root:Executing:Action: attack
DEBUG:root:Result: Action: attack -> Failure
DEBUG:root:Result: Sequence: Offensive Strategy -> Failure
DEBUG:root:Executing:Sequence: Spread Strategy
DEBUG:root:Executing:Action: spread
DEBUG:root:Result: Action: spread -> Failure
DEBUG:root:Result: Sequence: Spread Strategy -> Failure
DEBUG:root:Executing:Sequence: Defensive Strategy
DEBUG:root:Executing:Action: defend
DEBUG:root:Order:11 22 15
DEBUG:root:Result: Action: defend -> Success
DEBUG:root:Result: Sequence: Defensive Strategy -> Success
DEBUG:root:Result: Selector: High Level Ordering of Strategies -> Success
DEBUG:root:Finish turn

DEBUG:root:Executing:Selector: High Level Ordering of Strategies
DEBUG:root:Executing:Sequence: Starting Strategy
DEBUG:root:Executing:Check: few_planets
DEBUG:root:Result: Check: few_planets -> Failure
DEBUG:root:Result: Sequence: Starting Strategy -> Failure
DEBUG:root:Executing:Sequence: Offensive Strategy
DEBUG:root:Executing:Check: have_largest_fleet
DEBUG:root:Result: Check: have_largest_fleet -> Success
DEBUG:root:Executing:Action: attack
DEBUG:root:Result: Action: attack -> Failure
DEBUG:root:Result: Sequence: Offensive Strategy -> Failure
DEBUG:root:Executing:Sequence: Spread Strategy
DEBUG:root:Executing:Action: spread
DEBUG:root:Result: Action: spread -> Failure
DEBUG:root:Result: Sequence: Spread Strategy -> Failure
DEBUG:root:Executing:Sequence: Defensive Strategy
DEBUG:root:Executing:Action: defend
DEBUG:root:Order:18 5 10
DEBUG:root:Result: Action: defend -> Success
DEBUG:root:Result: Sequence: Defensive Strategy -> Success
DEBUG:root:Result: Selector: High Level Ordering of Strategies -> Success
DEBUG:root:Finish turn

DEBUG:root:Executing:Selector: High Level Ordering of Strategies
DEBUG:root:Executing:Sequence: Starting Strategy
DEBUG:root:Executing:Check: few_planets
DEBUG:root:Result: Check: few_planets -> Failure
DEBUG:root:Result: Sequence: Starting Strategy -> Failure
DEBUG:root:Executing:Sequence: Offensive Strategy
DEBUG:root:Executing:Check: have_largest_fleet
DEBUG:root:Result: Check: have_largest_fleet -> Success
DEBUG:root:Executing:Action: attack
DEBUG:root:Result: Action: attack -> Failure
DEBUG:root:Result: Sequence: Offensive Strategy -> Failure
DEBUG:root:Executing:Sequence: Spread Strategy
DEBUG:root:Executing:Action: spread
DEBUG:root:Result: Action: spread -> Failure
DEBUG:root:Result: Sequence: Spread Strategy -> Failure
DEBUG:root:Executing:Sequence: Defensive Strategy
DEBUG:root:Executing:Action: defend
DEBUG:root:Order:21 17 10
DEBUG:root:Result: Action: defend -> Success
DEBUG:root:Result: Sequence: Defensive Strategy -> Success
DEBUG:root:Result: Selector: High Level Ordering of Strategies -> Success
DEBUG:root:Finish turn

DEBUG:root:Executing:Selector: High Level Ordering of Strategies
DEBUG:root:Executing:Sequence: Starting Strategy
DEBUG:root:Executing:Check: few_planets
DEBUG:root:Result: Check: few_planets -> Failure
DEBUG:root:Result: Sequence: Starting Strategy -> Failure
DEBUG:root:Executing:Sequence: Offensive Strategy
DEBUG:root:Executing:Check: have_largest_fleet
DEBUG:root:Result: Check: have_largest_fleet -> Success
DEBUG:root:Executing:Action: attack
DEBUG:root:Result: Action: attack -> Failure
DEBUG:root:Result: Sequence: Offensive Strategy -> Failure
DEBUG:root:Executing:Sequence: Spread Strategy
DEBUG:root:Executing:Action: spread
DEBUG:root:Result: Action: spread -> Failure
DEBUG:root:Result: Sequence: Spread Strategy -> Failure
DEBUG:root:Executing:Sequence: Defensive Strategy
DEBUG:root:Executing:Action: defend
DEBUG:root:Order:2 20 12
DEBUG:root:Result: Action: defend -> Success
DEBUG:root:Result: Sequence: Defensive Strategy -> Success
DEBUG:root:Result: Selector: High Level Ordering of Strategies -> Success
DEBUG:root:Finish turn

DEBUG:root:Executing:Selector: High Level Ordering of Strategies
DEBUG:root:Executing:Sequence: Starting Strategy
DEBUG:root:Executing:Check: few_planets
DEBUG:root:Result: Check: few_planets -> Failure
DEBUG:root:Result: Sequence: Starting Strategy -> Failure
DEBUG:root:Executing:Sequence: Offensive Strategy
DEBUG:root:Executing:Check: have_largest_fleet
DEBUG:root:Result: Check: have_largest_fleet -> Success
DEBUG:root:Executing:Action: attack
DEBUG:root:Result: Action: attack -> Failure
DEBUG:root:Result: Sequence: Offensive Strategy -> Failure
DEBUG:root:Executing:Sequence: Spread Strategy
DEBUG:root:Executing:Action: spread
DEBUG:root:Order:11 3 82.0
DEBUG:root:Order:1 7 84.0
DEBUG:root:Order:12 8 84.0
DEBUG:root:Result: Action: spread -> Failure
DEBUG:root:Result: Sequence: Spread Strategy -> Failure
DEBUG:root:Executing:Sequence: Defensive Strategy
DEBUG:root:Executing:Action: defend
DEBUG:root:Order:4 1 21
DEBUG:root:Result: Action: defend -> Success
DEBUG:root:Result: Sequence: Defensive Strategy -> Success
DEBUG:root:Result: Selector: High Level Ordering of Strategies -> Success
DEBUG:root:Finish turn

DEBUG:root:Executing:Selector: High Level Ordering of Strategies
DEBUG:root:Executing:Sequence: Starting Strategy
DEBUG:root:Executing:Check: few_planets
DEBUG:root:Result: Check: few_planets -> Failure
DEBUG:root:Result: Sequence: Starting Strategy -> Failure
DEBUG:root:Executing:Sequence: Offensive Strategy
DEBUG:root:Executing:Check: have_largest_fleet
DEBUG:root:Result: Check: have_largest_fleet -> Success
DEBUG:root:Executing:Action: attack
DEBUG:root:Result: Action: attack -> Failure
DEBUG:root:Result: Sequence: Offensive Strategy -> Failure
DEBUG:root:Executing:Sequence: Spread Strategy
DEBUG:root:Executing:Action: spread
DEBUG:root:Result: Action: spread -> Failure
DEBUG:root:Result: Sequence: Spread Strategy -> Failure
DEBUG:root:Executing:Sequence: Defensive Strategy
DEBUG:root:Executing:Action: defend
DEBUG:root:Order:2 11 19
DEBUG:root:Result: Action: defend -> Success
DEBUG:root:Result: Sequence: Defensive Strategy -> Success
DEBUG:root:Result: Selector: High Level Ordering of Strategies -> Success
DEBUG:root:Finish turn

DEBUG:root:Executing:Selector: High Level Ordering of Strategies
DEBUG:root:Executing:Sequence: Starting Strategy
DEBUG:root:Executing:Check: few_planets
DEBUG:root:Result: Check: few_planets -> Failure
DEBUG:root:Result: Sequence: Starting Strategy -> Failure
DEBUG:root:Executing:Sequence: Offensive Strategy
DEBUG:root:Executing:Check: have_largest_fleet
DEBUG:root:Result: Check: have_largest_fleet -> Success
DEBUG:root:Executing:Action: attack
DEBUG:root:Result: Action: attack -> Failure
DEBUG:root:Result: Sequence: Offensive Strategy -> Failure
DEBUG:root:Executing:Sequence: Spread Strategy
DEBUG:root:Executing:Action: spread
DEBUG:root:Result: Action: spread -> Failure
DEBUG:root:Result: Sequence: Spread Strategy -> Failure
DEBUG:root:Executing:Sequence: Defensive Strategy
DEBUG:root:Executing:Action: defend
DEBUG:root:Order:15 12 19
DEBUG:root:Result: Action: defend -> Success
DEBUG:root:Result: Sequence: Defensive Strategy -> Success
DEBUG:root:Result: Selector: High Level Ordering of Strategies -> Success
DEBUG:root:Finish turn

DEBUG:root:Executing:Selector: High Level Ordering of Strategies
DEBUG:root:Executing:Sequence: Starting Strategy
DEBUG:root:Executing:Check: few_planets
DEBUG:root:Result: Check: few_planets -> Failure
DEBUG:root:Result: Sequence: Starting Strategy -> Failure
DEBUG:root:Executing:Sequence: Offensive Strategy
DEBUG:root:Executing:Check: have_largest_fleet
DEBUG:root:Result: Check: have_largest_fleet -> Success
DEBUG:root:Executing:Action: attack
DEBUG:root:Result: Action: attack -> Failure
DEBUG:root:Result: Sequence: Offensive Strategy -> Failure
DEBUG:root:Executing:Sequence: Spread Strategy
DEBUG:root:Executing:Action: spread
DEBUG:root:Result: Action: spread -> Failure
DEBUG:root:Result: Sequence: Spread Strategy -> Failure
DEBUG:root:Executing:Sequence: Defensive Strategy
DEBUG:root:Executing:Action: defend
DEBUG:root:Order:0 11 18
DEBUG:root:Result: Action: defend -> Success
DEBUG:root:Result: Sequence: Defensive Strategy -> Success
DEBUG:root:Result: Selector: High Level Ordering of Strategies -> Success
DEBUG:root:Finish turn

DEBUG:root:Executing:Selector: High Level Ordering of Strategies
DEBUG:root:Executing:Sequence: Starting Strategy
DEBUG:root:Executing:Check: few_planets
DEBUG:root:Result: Check: few_planets -> Failure
DEBUG:root:Result: Sequence: Starting Strategy -> Failure
DEBUG:root:Executing:Sequence: Offensive Strategy
DEBUG:root:Executing:Check: have_largest_fleet
DEBUG:root:Result: Check: have_largest_fleet -> Success
DEBUG:root:Executing:Action: attack
DEBUG:root:Result: Action: attack -> Failure
DEBUG:root:Result: Sequence: Offensive Strategy -> Failure
DEBUG:root:Executing:Sequence: Spread Strategy
DEBUG:root:Executing:Action: spread
DEBUG:root:Order:21 10 85.0
DEBUG:root:Result: Action: spread -> Failure
DEBUG:root:Result: Sequence: Spread Strategy -> Failure
DEBUG:root:Executing:Sequence: Defensive Strategy
DEBUG:root:Executing:Action: defend
DEBUG:root:Order:16 21 21
DEBUG:root:Result: Action: defend -> Success
DEBUG:root:Result: Sequence: Defensive Strategy -> Success
DEBUG:root:Result: Selector: High Level Ordering of Strategies -> Success
DEBUG:root:Finish turn

DEBUG:root:Executing:Selector: High Level Ordering of Strategies
DEBUG:root:Executing:Sequence: Starting Strategy
DEBUG:root:Executing:Check: few_planets
DEBUG:root:Result: Check: few_planets -> Failure
DEBUG:root:Result: Sequence: Starting Strategy -> Failure
DEBUG:root:Executing:Sequence: Offensive Strategy
DEBUG:root:Executing:Check: have_largest_fleet
DEBUG:root:Result: Check: have_largest_fleet -> Success
DEBUG:root:Executing:Action: attack
DEBUG:root:Result: Action: attack -> Failure
DEBUG:root:Result: Sequence: Offensive Strategy -> Failure
DEBUG:root:Executing:Sequence: Spread Strategy
DEBUG:root:Executing:Action: spread
DEBUG:root:Result: Action: spread -> Failure
DEBUG:root:Result: Sequence: Spread Strategy -> Failure
DEBUG:root:Executing:Sequence: Defensive Strategy
DEBUG:root:Executing:Action: defend
DEBUG:root:Order:22 21 21
DEBUG:root:Result: Action: defend -> Success
DEBUG:root:Result: Sequence: Defensive Strategy -> Success
DEBUG:root:Result: Selector: High Level Ordering of Strategies -> Success
DEBUG:root:Finish turn

DEBUG:root:Executing:Selector: High Level Ordering of Strategies
DEBUG:root:Executing:Sequence: Starting Strategy
DEBUG:root:Executing:Check: few_planets
DEBUG:root:Result: Check: few_planets -> Failure
DEBUG:root:Result: Sequence: Starting Strategy -> Failure
DEBUG:root:Executing:Sequence: Offensive Strategy
DEBUG:root:Executing:Check: have_largest_fleet
DEBUG:root:Result: Check: have_largest_fleet -> Success
DEBUG:root:Executing:Action: attack
DEBUG:root:Result: Action: attack -> Failure
DEBUG:root:Result: Sequence: Offensive Strategy -> Failure
DEBUG:root:Executing:Sequence: Spread Strategy
DEBUG:root:Executing:Action: spread
DEBUG:root:Result: Action: spread -> Failure
DEBUG:root:Result: Sequence: Spread Strategy -> Failure
DEBUG:root:Executing:Sequence: Defensive Strategy
DEBUG:root:Executing:Action: defend
DEBUG:root:Order:13 3 23
DEBUG:root:Result: Action: defend -> Success
DEBUG:root:Result: Sequence: Defensive Strategy -> Success
DEBUG:root:Result: Selector: High Level Ordering of Strategies -> Success
DEBUG:root:Finish turn

